<?xml version="1.0" encoding="utf-8"?>
<test-run id="2" testcasecount="50" result="Failed(Child)" total="50" passed="12" failed="38" inconclusive="0" skipped="0" asserts="0" engine-version="3.5.0.0" clr-version="4.0.30319.42000" start-time="2026-03-06 17:52:51Z" end-time="2026-03-06 17:52:52Z" duration="0.3775637">
  <test-suite type="TestSuite" id="1000" name="legacyofblood_unity_mobile_portraitframe" fullname="legacyofblood_unity_mobile_portraitframe" runstate="Runnable" testcasecount="50" result="Failed" site="Child" start-time="2026-03-06 17:52:51Z" end-time="2026-03-06 17:52:52Z" duration="0.377564" total="50" passed="12" failed="38" inconclusive="0" skipped="0" asserts="0">
    <properties>
      <property name="platform" value="EditMode" />
    </properties>
    <failure>
      <message><![CDATA[One or more child tests had errors]]></message>
    </failure>
    <test-suite type="Assembly" id="1010" name="LegendOfBlood.Tests.PlayMode.dll" fullname="E:/game/legendofblood/legacyofblood_unity_mobile_portraitframe/Library/ScriptAssemblies/LegendOfBlood.Tests.PlayMode.dll" runstate="Runnable" testcasecount="8" result="Failed" site="Child" start-time="2026-03-06 17:52:51Z" end-time="2026-03-06 17:52:51Z" duration="0.064820" total="8" passed="0" failed="8" inconclusive="0" skipped="0" asserts="0">
      <properties>
        <property name="_PID" value="60732" />
        <property name="_APPDOMAIN" value="Unity Child Domain" />
        <property name="platform" value="EditMode" />
        <property name="EditorOnly" value="True" />
      </properties>
      <failure>
        <message><![CDATA[One or more child tests had errors]]></message>
      </failure>
      <test-suite type="TestFixture" id="1001" name="PlanUpdateVerificationTests" fullname="PlanUpdateVerificationTests" classname="PlanUpdateVerificationTests" runstate="Runnable" testcasecount="8" result="Failed" site="Child" start-time="2026-03-06 17:52:51Z" end-time="2026-03-06 17:52:51Z" duration="0.061665" total="8" passed="0" failed="8" inconclusive="0" skipped="0" asserts="0">
        <properties />
        <failure>
          <message><![CDATA[One or more child tests had errors]]></message>
        </failure>
        <test-case id="1002" name="P1_1_BaseStatCalculation_IsBasedOnPotential" fullname="PlanUpdateVerificationTests.P1_1_BaseStatCalculation_IsBasedOnPotential" methodname="P1_1_BaseStatCalculation_IsBasedOnPotential" classname="PlanUpdateVerificationTests" runstate="Runnable" seed="1499251440" result="Failed" start-time="2026-03-06 17:52:51Z" end-time="2026-03-06 17:52:51Z" duration="0.017524" asserts="0">
          <properties>
            <property name="retryIteration" value="0" />
            <property name="repeatIteration" value="0" />
          </properties>
          <failure>
            <message><![CDATA[SetUp : System.NullReferenceException : Object reference not set to an instance of an object
TearDown : Unhandled log message: '[Error] Destroy may not be called from edit mode! Use DestroyImmediate instead.
Destroying an object in edit mode destroys it permanently.'. Use UnityEngine.TestTools.LogAssert.Expect]]></message>
            <stack-trace><![CDATA[UnityEngine.Object:Destroy (UnityEngine.Object)
PlanUpdateVerificationTests:TearDown () (at Assets/Tests/PlayMode/PlanUpdateVerificationTests.cs:82)
System.Reflection.MethodBase:Invoke (object,object[])
NUnit.Framework.Internal.Reflect:InvokeMethod (System.Reflection.MethodInfo,object,object[])
NUnit.Framework.Internal.Reflect:InvokeMethod (System.Reflection.MethodInfo,object)
UnityEditor.EditorApplication:Internal_CallUpdateFunctions ()

]]></stack-trace>
          </failure>
          <output><![CDATA[Destroy may not be called from edit mode! Use DestroyImmediate instead.
Destroying an object in edit mode destroys it permanently.
]]></output>
        </test-case>
        <test-case id="1003" name="P1_2_LevelUp_GrantsFreePointsEqualToPotential" fullname="PlanUpdateVerificationTests.P1_2_LevelUp_GrantsFreePointsEqualToPotential" methodname="P1_2_LevelUp_GrantsFreePointsEqualToPotential" classname="PlanUpdateVerificationTests" runstate="Runnable" seed="685111612" result="Failed" start-time="2026-03-06 17:52:51Z" end-time="2026-03-06 17:52:51Z" duration="0.004171" asserts="0">
          <properties>
            <property name="_JOINTYPE" value="UnityCombinatorial" />
            <property name="retryIteration" value="0" />
            <property name="repeatIteration" value="0" />
          </properties>
          <failure>
            <message><![CDATA[SetUp : System.NullReferenceException : Object reference not set to an instance of an object
TearDown : Unhandled log message: '[Error] Destroy may not be called from edit mode! Use DestroyImmediate instead.
Destroying an object in edit mode destroys it permanently.'. Use UnityEngine.TestTools.LogAssert.Expect]]></message>
            <stack-trace><![CDATA[UnityEngine.Object:Destroy (UnityEngine.Object)
PlanUpdateVerificationTests:TearDown () (at Assets/Tests/PlayMode/PlanUpdateVerificationTests.cs:82)
System.Reflection.MethodBase:Invoke (object,object[])
NUnit.Framework.Internal.Reflect:InvokeMethod (System.Reflection.MethodInfo,object,object[])
NUnit.Framework.Internal.Reflect:InvokeMethod (System.Reflection.MethodInfo,object)
UnityEditor.EditorApplication:Internal_CallUpdateFunctions ()

]]></stack-trace>
          </failure>
          <output><![CDATA[Destroy may not be called from edit mode! Use DestroyImmediate instead.
Destroying an object in edit mode destroys it permanently.
]]></output>
        </test-case>
        <test-case id="1004" name="P1_3_StatAllocation_ManuallyAddsStats" fullname="PlanUpdateVerificationTests.P1_3_StatAllocation_ManuallyAddsStats" methodname="P1_3_StatAllocation_ManuallyAddsStats" classname="PlanUpdateVerificationTests" runstate="Runnable" seed="89352318" result="Failed" start-time="2026-03-06 17:52:51Z" end-time="2026-03-06 17:52:51Z" duration="0.001373" asserts="0">
          <properties>
            <property name="retryIteration" value="0" />
            <property name="repeatIteration" value="0" />
          </properties>
          <failure>
            <message><![CDATA[SetUp : System.NullReferenceException : Object reference not set to an instance of an object
TearDown : Unhandled log message: '[Error] Destroy may not be called from edit mode! Use DestroyImmediate instead.
Destroying an object in edit mode destroys it permanently.'. Use UnityEngine.TestTools.LogAssert.Expect]]></message>
            <stack-trace><![CDATA[UnityEngine.Object:Destroy (UnityEngine.Object)
PlanUpdateVerificationTests:TearDown () (at Assets/Tests/PlayMode/PlanUpdateVerificationTests.cs:82)
System.Reflection.MethodBase:Invoke (object,object[])
NUnit.Framework.Internal.Reflect:InvokeMethod (System.Reflection.MethodInfo,object,object[])
NUnit.Framework.Internal.Reflect:InvokeMethod (System.Reflection.MethodInfo,object)
UnityEditor.EditorApplication:Internal_CallUpdateFunctions ()

]]></stack-trace>
          </failure>
          <output><![CDATA[Destroy may not be called from edit mode! Use DestroyImmediate instead.
Destroying an object in edit mode destroys it permanently.
]]></output>
        </test-case>
        <test-case id="1007" name="P2_1_TraitInheritance_FollowsTheRules" fullname="PlanUpdateVerificationTests.P2_1_TraitInheritance_FollowsTheRules" methodname="P2_1_TraitInheritance_FollowsTheRules" classname="PlanUpdateVerificationTests" runstate="Runnable" seed="295995346" result="Failed" start-time="2026-03-06 17:52:51Z" end-time="2026-03-06 17:52:51Z" duration="0.001363" asserts="0">
          <properties>
            <property name="retryIteration" value="0" />
            <property name="repeatIteration" value="0" />
          </properties>
          <failure>
            <message><![CDATA[SetUp : System.NullReferenceException : Object reference not set to an instance of an object
TearDown : Unhandled log message: '[Error] Destroy may not be called from edit mode! Use DestroyImmediate instead.
Destroying an object in edit mode destroys it permanently.'. Use UnityEngine.TestTools.LogAssert.Expect]]></message>
            <stack-trace><![CDATA[UnityEngine.Object:Destroy (UnityEngine.Object)
PlanUpdateVerificationTests:TearDown () (at Assets/Tests/PlayMode/PlanUpdateVerificationTests.cs:82)
System.Reflection.MethodBase:Invoke (object,object[])
NUnit.Framework.Internal.Reflect:InvokeMethod (System.Reflection.MethodInfo,object,object[])
NUnit.Framework.Internal.Reflect:InvokeMethod (System.Reflection.MethodInfo,object)
UnityEditor.EditorApplication:Internal_CallUpdateFunctions ()

]]></stack-trace>
          </failure>
          <output><![CDATA[Destroy may not be called from edit mode! Use DestroyImmediate instead.
Destroying an object in edit mode destroys it permanently.
]]></output>
        </test-case>
        <test-case id="1006" name="P2_2_LevelUpTo20_GrantsNewFamilyTrait" fullname="PlanUpdateVerificationTests.P2_2_LevelUpTo20_GrantsNewFamilyTrait" methodname="P2_2_LevelUpTo20_GrantsNewFamilyTrait" classname="PlanUpdateVerificationTests" runstate="Runnable" seed="1383417055" result="Failed" start-time="2026-03-06 17:52:51Z" end-time="2026-03-06 17:52:51Z" duration="0.002554" asserts="0">
          <properties>
            <property name="_JOINTYPE" value="UnityCombinatorial" />
            <property name="retryIteration" value="0" />
            <property name="repeatIteration" value="0" />
          </properties>
          <failure>
            <message><![CDATA[SetUp : System.NullReferenceException : Object reference not set to an instance of an object
TearDown : Unhandled log message: '[Error] Destroy may not be called from edit mode! Use DestroyImmediate instead.
Destroying an object in edit mode destroys it permanently.'. Use UnityEngine.TestTools.LogAssert.Expect]]></message>
            <stack-trace><![CDATA[UnityEngine.Object:Destroy (UnityEngine.Object)
PlanUpdateVerificationTests:TearDown () (at Assets/Tests/PlayMode/PlanUpdateVerificationTests.cs:82)
System.Reflection.MethodBase:Invoke (object,object[])
NUnit.Framework.Internal.Reflect:InvokeMethod (System.Reflection.MethodInfo,object,object[])
NUnit.Framework.Internal.Reflect:InvokeMethod (System.Reflection.MethodInfo,object)
UnityEditor.EditorApplication:Internal_CallUpdateFunctions ()

]]></stack-trace>
          </failure>
          <output><![CDATA[Destroy may not be called from edit mode! Use DestroyImmediate instead.
Destroying an object in edit mode destroys it permanently.
]]></output>
        </test-case>
        <test-case id="1005" name="P2_5_TraitFamily_DataIsCorrect" fullname="PlanUpdateVerificationTests.P2_5_TraitFamily_DataIsCorrect" methodname="P2_5_TraitFamily_DataIsCorrect" classname="PlanUpdateVerificationTests" runstate="Runnable" seed="1082296036" result="Failed" start-time="2026-03-06 17:52:51Z" end-time="2026-03-06 17:52:51Z" duration="0.001437" asserts="0">
          <properties>
            <property name="retryIteration" value="0" />
            <property name="repeatIteration" value="0" />
          </properties>
          <failure>
            <message><![CDATA[SetUp : System.NullReferenceException : Object reference not set to an instance of an object
TearDown : Unhandled log message: '[Error] Destroy may not be called from edit mode! Use DestroyImmediate instead.
Destroying an object in edit mode destroys it permanently.'. Use UnityEngine.TestTools.LogAssert.Expect]]></message>
            <stack-trace><![CDATA[UnityEngine.Object:Destroy (UnityEngine.Object)
PlanUpdateVerificationTests:TearDown () (at Assets/Tests/PlayMode/PlanUpdateVerificationTests.cs:82)
System.Reflection.MethodBase:Invoke (object,object[])
NUnit.Framework.Internal.Reflect:InvokeMethod (System.Reflection.MethodInfo,object,object[])
NUnit.Framework.Internal.Reflect:InvokeMethod (System.Reflection.MethodInfo,object)
UnityEditor.EditorApplication:Internal_CallUpdateFunctions ()

]]></stack-trace>
          </failure>
          <output><![CDATA[Destroy may not be called from edit mode! Use DestroyImmediate instead.
Destroying an object in edit mode destroys it permanently.
]]></output>
        </test-case>
        <test-case id="1008" name="P3_1_HeroBelowLevel20_HasNoProfession" fullname="PlanUpdateVerificationTests.P3_1_HeroBelowLevel20_HasNoProfession" methodname="P3_1_HeroBelowLevel20_HasNoProfession" classname="PlanUpdateVerificationTests" runstate="Runnable" seed="1285534213" result="Failed" start-time="2026-03-06 17:52:51Z" end-time="2026-03-06 17:52:51Z" duration="0.001128" asserts="0">
          <properties>
            <property name="retryIteration" value="0" />
            <property name="repeatIteration" value="0" />
          </properties>
          <failure>
            <message><![CDATA[SetUp : System.NullReferenceException : Object reference not set to an instance of an object
TearDown : Unhandled log message: '[Error] Destroy may not be called from edit mode! Use DestroyImmediate instead.
Destroying an object in edit mode destroys it permanently.'. Use UnityEngine.TestTools.LogAssert.Expect]]></message>
            <stack-trace><![CDATA[UnityEngine.Object:Destroy (UnityEngine.Object)
PlanUpdateVerificationTests:TearDown () (at Assets/Tests/PlayMode/PlanUpdateVerificationTests.cs:82)
System.Reflection.MethodBase:Invoke (object,object[])
NUnit.Framework.Internal.Reflect:InvokeMethod (System.Reflection.MethodInfo,object,object[])
NUnit.Framework.Internal.Reflect:InvokeMethod (System.Reflection.MethodInfo,object)
UnityEditor.EditorApplication:Internal_CallUpdateFunctions ()

]]></stack-trace>
          </failure>
          <output><![CDATA[Destroy may not be called from edit mode! Use DestroyImmediate instead.
Destroying an object in edit mode destroys it permanently.
]]></output>
        </test-case>
        <test-case id="1009" name="P4_3_AddHero_FailsWhenPopulationIsFull" fullname="PlanUpdateVerificationTests.P4_3_AddHero_FailsWhenPopulationIsFull" methodname="P4_3_AddHero_FailsWhenPopulationIsFull" classname="PlanUpdateVerificationTests" runstate="Runnable" seed="1369619114" result="Failed" start-time="2026-03-06 17:52:51Z" end-time="2026-03-06 17:52:51Z" duration="0.001979" asserts="0">
          <properties>
            <property name="retryIteration" value="0" />
            <property name="repeatIteration" value="0" />
          </properties>
          <failure>
            <message><![CDATA[SetUp : System.NullReferenceException : Object reference not set to an instance of an object
TearDown : Unhandled log message: '[Error] Destroy may not be called from edit mode! Use DestroyImmediate instead.
Destroying an object in edit mode destroys it permanently.'. Use UnityEngine.TestTools.LogAssert.Expect]]></message>
            <stack-trace><![CDATA[UnityEngine.Object:Destroy (UnityEngine.Object)
PlanUpdateVerificationTests:TearDown () (at Assets/Tests/PlayMode/PlanUpdateVerificationTests.cs:82)
System.Reflection.MethodBase:Invoke (object,object[])
NUnit.Framework.Internal.Reflect:InvokeMethod (System.Reflection.MethodInfo,object,object[])
NUnit.Framework.Internal.Reflect:InvokeMethod (System.Reflection.MethodInfo,object)
UnityEditor.EditorApplication:Internal_CallUpdateFunctions ()

]]></stack-trace>
          </failure>
          <output><![CDATA[Destroy may not be called from edit mode! Use DestroyImmediate instead.
Destroying an object in edit mode destroys it permanently.
]]></output>
        </test-case>
      </test-suite>
    </test-suite>
    <test-suite type="Assembly" id="1067" name="Tests.dll" fullname="E:/game/legendofblood/legacyofblood_unity_mobile_portraitframe/Library/ScriptAssemblies/Tests.dll" runstate="Runnable" testcasecount="42" result="Failed" site="Child" start-time="2026-03-06 17:52:51Z" end-time="2026-03-06 17:52:52Z" duration="0.297141" total="42" passed="12" failed="30" inconclusive="0" skipped="0" asserts="0">
      <properties>
        <property name="_PID" value="60732" />
        <property name="_APPDOMAIN" value="Unity Child Domain" />
        <property name="platform" value="EditMode" />
        <property name="EditorOnly" value="True" />
      </properties>
      <failure>
        <message><![CDATA[One or more child tests had errors]]></message>
      </failure>
      <test-suite type="TestFixture" id="1011" name="GameMechanicsValidationTests" fullname="GameMechanicsValidationTests" classname="GameMechanicsValidationTests" runstate="Runnable" testcasecount="8" result="Passed" start-time="2026-03-06 17:52:51Z" end-time="2026-03-06 17:52:51Z" duration="0.034231" total="8" passed="8" failed="0" inconclusive="0" skipped="0" asserts="0">
        <properties />
        <test-case id="1012" name="T1_1_BaseStats_AreCalculatedFromPOT" fullname="GameMechanicsValidationTests.T1_1_BaseStats_AreCalculatedFromPOT" methodname="T1_1_BaseStats_AreCalculatedFromPOT" classname="GameMechanicsValidationTests" runstate="Runnable" seed="814633612" result="Passed" start-time="2026-03-06 17:52:51Z" end-time="2026-03-06 17:52:51Z" duration="0.016263" asserts="0">
          <properties>
            <property name="retryIteration" value="0" />
            <property name="repeatIteration" value="0" />
          </properties>
        </test-case>
        <test-case id="1013" name="T1_2_LevelUp_GrantsFreePointsInsteadOfStats" fullname="GameMechanicsValidationTests.T1_2_LevelUp_GrantsFreePointsInsteadOfStats" methodname="T1_2_LevelUp_GrantsFreePointsInsteadOfStats" classname="GameMechanicsValidationTests" runstate="Runnable" seed="1056962890" result="Passed" start-time="2026-03-06 17:52:51Z" end-time="2026-03-06 17:52:51Z" duration="0.005873" asserts="0">
          <properties>
            <property name="retryIteration" value="0" />
            <property name="repeatIteration" value="0" />
          </properties>
        </test-case>
        <test-case id="1015" name="T2_2_NewTraitAtLevelUp_IsUniqueFamilyUsingTwoRolls" fullname="GameMechanicsValidationTests.T2_2_NewTraitAtLevelUp_IsUniqueFamilyUsingTwoRolls" methodname="T2_2_NewTraitAtLevelUp_IsUniqueFamilyUsingTwoRolls" classname="GameMechanicsValidationTests" runstate="Runnable" seed="798453558" result="Passed" start-time="2026-03-06 17:52:51Z" end-time="2026-03-06 17:52:51Z" duration="0.004645" asserts="0">
          <properties>
            <property name="retryIteration" value="0" />
            <property name="repeatIteration" value="0" />
          </properties>
        </test-case>
        <test-case id="1016" name="T2_3_TraitUpgradeAtLevel60_ReplacesOldTrait" fullname="GameMechanicsValidationTests.T2_3_TraitUpgradeAtLevel60_ReplacesOldTrait" methodname="T2_3_TraitUpgradeAtLevel60_ReplacesOldTrait" classname="GameMechanicsValidationTests" runstate="Runnable" seed="43273610" result="Passed" start-time="2026-03-06 17:52:51Z" end-time="2026-03-06 17:52:51Z" duration="0.000796" asserts="0">
          <properties>
            <property name="retryIteration" value="0" />
            <property name="repeatIteration" value="0" />
          </properties>
        </test-case>
        <test-case id="1017" name="T2_4_CannotUpgrade_MaxRankTrait" fullname="GameMechanicsValidationTests.T2_4_CannotUpgrade_MaxRankTrait" methodname="T2_4_CannotUpgrade_MaxRankTrait" classname="GameMechanicsValidationTests" runstate="Runnable" seed="1562856010" result="Passed" start-time="2026-03-06 17:52:51Z" end-time="2026-03-06 17:52:51Z" duration="0.000539" asserts="0">
          <properties>
            <property name="retryIteration" value="0" />
            <property name="repeatIteration" value="0" />
          </properties>
        </test-case>
        <test-case id="1014" name="T3_1_Profession_IsNoneBeforeLevel20" fullname="GameMechanicsValidationTests.T3_1_Profession_IsNoneBeforeLevel20" methodname="T3_1_Profession_IsNoneBeforeLevel20" classname="GameMechanicsValidationTests" runstate="Runnable" seed="1525119829" result="Passed" start-time="2026-03-06 17:52:51Z" end-time="2026-03-06 17:52:51Z" duration="0.001327" asserts="0">
          <properties>
            <property name="retryIteration" value="0" />
            <property name="repeatIteration" value="0" />
          </properties>
        </test-case>
        <test-case id="1018" name="T3_4_Breeding_AppliesCooldown" fullname="GameMechanicsValidationTests.T3_4_Breeding_AppliesCooldown" methodname="T3_4_Breeding_AppliesCooldown" classname="GameMechanicsValidationTests" runstate="Runnable" seed="2022322213" result="Passed" start-time="2026-03-06 17:52:51Z" end-time="2026-03-06 17:52:51Z" duration="0.000331" asserts="0">
          <properties>
            <property name="retryIteration" value="0" />
            <property name="repeatIteration" value="0" />
          </properties>
        </test-case>
        <test-case id="1019" name="T3_5_Breeding_IncrementsCounterAndReachesLimit" fullname="GameMechanicsValidationTests.T3_5_Breeding_IncrementsCounterAndReachesLimit" methodname="T3_5_Breeding_IncrementsCounterAndReachesLimit" classname="GameMechanicsValidationTests" runstate="Runnable" seed="245884033" result="Passed" start-time="2026-03-06 17:52:51Z" end-time="2026-03-06 17:52:51Z" duration="0.000384" asserts="0">
          <properties>
            <property name="retryIteration" value="0" />
            <property name="repeatIteration" value="0" />
          </properties>
        </test-case>
      </test-suite>
      <test-suite type="TestSuite" id="1068" name="LegendOfBlood" fullname="LegendOfBlood" runstate="Runnable" testcasecount="34" result="Failed" site="Child" start-time="2026-03-06 17:52:51Z" end-time="2026-03-06 17:52:52Z" duration="0.260935" total="34" passed="4" failed="30" inconclusive="0" skipped="0" asserts="0">
        <properties />
        <failure>
          <message><![CDATA[One or more child tests had errors]]></message>
        </failure>
        <test-suite type="TestSuite" id="1069" name="Tests" fullname="LegendOfBlood.Tests" runstate="Runnable" testcasecount="34" result="Failed" site="Child" start-time="2026-03-06 17:52:51Z" end-time="2026-03-06 17:52:52Z" duration="0.259757" total="34" passed="4" failed="30" inconclusive="0" skipped="0" asserts="0">
          <properties />
          <failure>
            <message><![CDATA[One or more child tests had errors]]></message>
          </failure>
          <test-suite type="TestFixture" id="1020" name="ArenaSystemTests" fullname="LegendOfBlood.Tests.ArenaSystemTests" classname="LegendOfBlood.Tests.ArenaSystemTests" runstate="Runnable" testcasecount="3" result="Failed" site="Child" start-time="2026-03-06 17:52:51Z" end-time="2026-03-06 17:52:51Z" duration="0.027239" total="3" passed="1" failed="2" inconclusive="0" skipped="0" asserts="0">
            <properties />
            <failure>
              <message><![CDATA[One or more child tests had errors]]></message>
            </failure>
            <test-case id="1023" name="ArenaSystem_FindOpponentSquad_ReturnsValidSquad" fullname="LegendOfBlood.Tests.ArenaSystemTests.ArenaSystem_FindOpponentSquad_ReturnsValidSquad" methodname="ArenaSystem_FindOpponentSquad_ReturnsValidSquad" classname="LegendOfBlood.Tests.ArenaSystemTests" runstate="Runnable" seed="374560009" result="Passed" start-time="2026-03-06 17:52:51Z" end-time="2026-03-06 17:52:51Z" duration="0.018489" asserts="0">
              <properties>
                <property name="retryIteration" value="0" />
                <property name="repeatIteration" value="0" />
              </properties>
              <output><![CDATA[EvolutionTable is not set in GameConfig.
Đã xử lý xong Game Config: 0 Traits, 0 Skills, 0 BuildingConfigs. 0 Quests.
Tải game thành công từ: C:/Users/NGOCMINHPC/AppData/LocalLow/DefaultCompany/legacyofblood_unity_mobile_portraitframe\legendofblood_save.json
Generating opponent for player with 1500 points.
]]></output>
            </test-case>
            <test-case id="1022" name="ArenaSystem_ProcessMatchResult_Loss_DecreasesPoints" fullname="LegendOfBlood.Tests.ArenaSystemTests.ArenaSystem_ProcessMatchResult_Loss_DecreasesPoints" methodname="ArenaSystem_ProcessMatchResult_Loss_DecreasesPoints" classname="LegendOfBlood.Tests.ArenaSystemTests" runstate="Runnable" seed="1473717218" result="Failed" label="Error" start-time="2026-03-06 17:52:51Z" end-time="2026-03-06 17:52:51Z" duration="0.004068" asserts="0">
              <properties>
                <property name="retryIteration" value="0" />
                <property name="repeatIteration" value="0" />
              </properties>
              <failure>
                <message><![CDATA[System.NullReferenceException : Object reference not set to an instance of an object]]></message>
                <stack-trace><![CDATA[  at LegendOfBlood.ArenaSystem.ProcessMatchResult (System.Boolean victory, System.Int32 playerPoints, System.Int32 opponentPoints) [0x00000] in E:\game\legendofblood\legacyofblood_unity_mobile_portraitframe\Assets\Scripts\Managers\ArenaSystem.cs:81 
  at LegendOfBlood.Tests.ArenaSystemTests.ArenaSystem_ProcessMatchResult_Loss_DecreasesPoints () [0x00037] in E:\game\legendofblood\legacyofblood_unity_mobile_portraitframe\Assets\Tests\Editor\ArenaSystemTests.cs:69 
  at (wrapper managed-to-native) System.Reflection.RuntimeMethodInfo.InternalInvoke(System.Reflection.RuntimeMethodInfo,object,object[],System.Exception&)
  at System.Reflection.RuntimeMethodInfo.Invoke (System.Object obj, System.Reflection.BindingFlags invokeAttr, System.Reflection.Binder binder, System.Object[] parameters, System.Globalization.CultureInfo culture) [0x0006a] in <41d29b352f6a475ab1bf7c6628b82790>:0 ]]></stack-trace>
              </failure>
              <output><![CDATA[EvolutionTable is not set in GameConfig.
Đã xử lý xong Game Config: 0 Traits, 0 Skills, 0 BuildingConfigs. 0 Quests.
Tải game thành công từ: C:/Users/NGOCMINHPC/AppData/LocalLow/DefaultCompany/legacyofblood_unity_mobile_portraitframe\legendofblood_save.json
]]></output>
            </test-case>
            <test-case id="1021" name="ArenaSystem_ProcessMatchResult_Win_IncreasesPointsAndCoins" fullname="LegendOfBlood.Tests.ArenaSystemTests.ArenaSystem_ProcessMatchResult_Win_IncreasesPointsAndCoins" methodname="ArenaSystem_ProcessMatchResult_Win_IncreasesPointsAndCoins" classname="LegendOfBlood.Tests.ArenaSystemTests" runstate="Runnable" seed="69853743" result="Failed" label="Error" start-time="2026-03-06 17:52:51Z" end-time="2026-03-06 17:52:51Z" duration="0.003338" asserts="0">
              <properties>
                <property name="retryIteration" value="0" />
                <property name="repeatIteration" value="0" />
              </properties>
              <failure>
                <message><![CDATA[System.NullReferenceException : Object reference not set to an instance of an object]]></message>
                <stack-trace><![CDATA[  at LegendOfBlood.ArenaSystem.ProcessMatchResult (System.Boolean victory, System.Int32 playerPoints, System.Int32 opponentPoints) [0x00000] in E:\game\legendofblood\legacyofblood_unity_mobile_portraitframe\Assets\Scripts\Managers\ArenaSystem.cs:81 
  at LegendOfBlood.Tests.ArenaSystemTests.ArenaSystem_ProcessMatchResult_Win_IncreasesPointsAndCoins () [0x00037] in E:\game\legendofblood\legacyofblood_unity_mobile_portraitframe\Assets\Tests\Editor\ArenaSystemTests.cs:55 
  at (wrapper managed-to-native) System.Reflection.RuntimeMethodInfo.InternalInvoke(System.Reflection.RuntimeMethodInfo,object,object[],System.Exception&)
  at System.Reflection.RuntimeMethodInfo.Invoke (System.Object obj, System.Reflection.BindingFlags invokeAttr, System.Reflection.Binder binder, System.Object[] parameters, System.Globalization.CultureInfo culture) [0x0006a] in <41d29b352f6a475ab1bf7c6628b82790>:0 ]]></stack-trace>
              </failure>
              <output><![CDATA[EvolutionTable is not set in GameConfig.
Đã xử lý xong Game Config: 0 Traits, 0 Skills, 0 BuildingConfigs. 0 Quests.
Tải game thành công từ: C:/Users/NGOCMINHPC/AppData/LocalLow/DefaultCompany/legacyofblood_unity_mobile_portraitframe\legendofblood_save.json
]]></output>
            </test-case>
          </test-suite>
          <test-suite type="TestFixture" id="1024" name="BreedingSystemTests" fullname="LegendOfBlood.Tests.BreedingSystemTests" classname="LegendOfBlood.Tests.BreedingSystemTests" runstate="Runnable" testcasecount="5" result="Failed" site="Child" start-time="2026-03-06 17:52:51Z" end-time="2026-03-06 17:52:51Z" duration="0.040330" total="5" passed="0" failed="5" inconclusive="0" skipped="0" asserts="0">
            <properties />
            <failure>
              <message><![CDATA[One or more child tests had errors]]></message>
            </failure>
            <test-case id="1028" name="BreedingSystem_EliteBloodline_IncreasesStats" fullname="LegendOfBlood.Tests.BreedingSystemTests.BreedingSystem_EliteBloodline_IncreasesStats" methodname="BreedingSystem_EliteBloodline_IncreasesStats" classname="LegendOfBlood.Tests.BreedingSystemTests" runstate="Runnable" seed="2079558179" result="Failed" label="Error" start-time="2026-03-06 17:52:51Z" end-time="2026-03-06 17:52:51Z" duration="0.010311" asserts="0">
              <properties>
                <property name="retryIteration" value="0" />
                <property name="repeatIteration" value="0" />
              </properties>
              <failure>
                <message><![CDATA[System.NullReferenceException : Object reference not set to an instance of an object]]></message>
                <stack-trace><![CDATA[  at LegendOfBlood.BreedingSystem.InheritTraits (System.Collections.Generic.List`1[T] fatherTraits, System.Collections.Generic.List`1[T] motherTraits, LegendOfBlood.BreedingOptions options) [0x00048] in E:\game\legendofblood\legacyofblood_unity_mobile_portraitframe\Assets\Scripts\GameSystems\BreedingSystem.cs:126 
  at LegendOfBlood.BreedingSystem.CreateSingleOffspring (LegendOfBlood.HeroData father, LegendOfBlood.HeroData mother, LegendOfBlood.BreedingOptions options) [0x00058] in E:\game\legendofblood\legacyofblood_unity_mobile_portraitframe\Assets\Scripts\GameSystems\BreedingSystem.cs:63 
  at LegendOfBlood.BreedingSystem.Breed (LegendOfBlood.HeroData father, LegendOfBlood.HeroData mother, LegendOfBlood.BreedingOptions options) [0x0006b] in E:\game\legendofblood\legacyofblood_unity_mobile_portraitframe\Assets\Scripts\GameSystems\BreedingSystem.cs:44 
  at LegendOfBlood.Tests.BreedingSystemTests.BreedingSystem_EliteBloodline_IncreasesStats () [0x0004e] in E:\game\legendofblood\legacyofblood_unity_mobile_portraitframe\Assets\Tests\Editor\BreedingSystemTests.cs:115 
  at (wrapper managed-to-native) System.Reflection.RuntimeMethodInfo.InternalInvoke(System.Reflection.RuntimeMethodInfo,object,object[],System.Exception&)
  at System.Reflection.RuntimeMethodInfo.Invoke (System.Object obj, System.Reflection.BindingFlags invokeAttr, System.Reflection.Binder binder, System.Object[] parameters, System.Globalization.CultureInfo culture) [0x0006a] in <41d29b352f6a475ab1bf7c6628b82790>:0 ]]></stack-trace>
              </failure>
              <output><![CDATA[EvolutionTable is not set in GameConfig.
Đã xử lý xong Game Config: 4 Traits, 0 Skills, 0 BuildingConfigs. 0 Quests.
Tải game thành công từ: C:/Users/NGOCMINHPC/AppData/LocalLow/DefaultCompany/legacyofblood_unity_mobile_portraitframe\legendofblood_save.json
AvatarManager not initialized! Cannot assign random avatar.
AvatarManager not initialized! Cannot assign random avatar.
AvatarManager not initialized! Cannot assign random avatar.
]]></output>
            </test-case>
            <test-case id="1026" name="BreedingSystem_NormalBreeding_ReturnsOneChild" fullname="LegendOfBlood.Tests.BreedingSystemTests.BreedingSystem_NormalBreeding_ReturnsOneChild" methodname="BreedingSystem_NormalBreeding_ReturnsOneChild" classname="LegendOfBlood.Tests.BreedingSystemTests" runstate="Runnable" seed="577058175" result="Failed" label="Error" start-time="2026-03-06 17:52:51Z" end-time="2026-03-06 17:52:51Z" duration="0.006428" asserts="0">
              <properties>
                <property name="retryIteration" value="0" />
                <property name="repeatIteration" value="0" />
              </properties>
              <failure>
                <message><![CDATA[System.NullReferenceException : Object reference not set to an instance of an object]]></message>
                <stack-trace><![CDATA[  at LegendOfBlood.BreedingSystem.InheritTraits (System.Collections.Generic.List`1[T] fatherTraits, System.Collections.Generic.List`1[T] motherTraits, LegendOfBlood.BreedingOptions options) [0x00048] in E:\game\legendofblood\legacyofblood_unity_mobile_portraitframe\Assets\Scripts\GameSystems\BreedingSystem.cs:126 
  at LegendOfBlood.BreedingSystem.CreateSingleOffspring (LegendOfBlood.HeroData father, LegendOfBlood.HeroData mother, LegendOfBlood.BreedingOptions options) [0x00058] in E:\game\legendofblood\legacyofblood_unity_mobile_portraitframe\Assets\Scripts\GameSystems\BreedingSystem.cs:63 
  at LegendOfBlood.BreedingSystem.Breed (LegendOfBlood.HeroData father, LegendOfBlood.HeroData mother, LegendOfBlood.BreedingOptions options) [0x0006b] in E:\game\legendofblood\legacyofblood_unity_mobile_portraitframe\Assets\Scripts\GameSystems\BreedingSystem.cs:44 
  at LegendOfBlood.Tests.BreedingSystemTests.BreedingSystem_NormalBreeding_ReturnsOneChild () [0x00032] in E:\game\legendofblood\legacyofblood_unity_mobile_portraitframe\Assets\Tests\Editor\BreedingSystemTests.cs:79 
  at (wrapper managed-to-native) System.Reflection.RuntimeMethodInfo.InternalInvoke(System.Reflection.RuntimeMethodInfo,object,object[],System.Exception&)
  at System.Reflection.RuntimeMethodInfo.Invoke (System.Object obj, System.Reflection.BindingFlags invokeAttr, System.Reflection.Binder binder, System.Object[] parameters, System.Globalization.CultureInfo culture) [0x0006a] in <41d29b352f6a475ab1bf7c6628b82790>:0 ]]></stack-trace>
              </failure>
              <output><![CDATA[EvolutionTable is not set in GameConfig.
Đã xử lý xong Game Config: 4 Traits, 0 Skills, 0 BuildingConfigs. 0 Quests.
Tải game thành công từ: C:/Users/NGOCMINHPC/AppData/LocalLow/DefaultCompany/legacyofblood_unity_mobile_portraitframe\legendofblood_save.json
AvatarManager not initialized! Cannot assign random avatar.
AvatarManager not initialized! Cannot assign random avatar.
AvatarManager not initialized! Cannot assign random avatar.
]]></output>
            </test-case>
            <test-case id="1029" name="BreedingSystem_Options_GuaranteesTrait" fullname="LegendOfBlood.Tests.BreedingSystemTests.BreedingSystem_Options_GuaranteesTrait" methodname="BreedingSystem_Options_GuaranteesTrait" classname="LegendOfBlood.Tests.BreedingSystemTests" runstate="Runnable" seed="1033114551" result="Failed" label="Error" start-time="2026-03-06 17:52:51Z" end-time="2026-03-06 17:52:51Z" duration="0.005921" asserts="0">
              <properties>
                <property name="retryIteration" value="0" />
                <property name="repeatIteration" value="0" />
              </properties>
              <failure>
                <message><![CDATA[System.NullReferenceException : Object reference not set to an instance of an object]]></message>
                <stack-trace><![CDATA[  at LegendOfBlood.BreedingSystem.InheritTraits (System.Collections.Generic.List`1[T] fatherTraits, System.Collections.Generic.List`1[T] motherTraits, LegendOfBlood.BreedingOptions options) [0x00048] in E:\game\legendofblood\legacyofblood_unity_mobile_portraitframe\Assets\Scripts\GameSystems\BreedingSystem.cs:126 
  at LegendOfBlood.BreedingSystem.CreateSingleOffspring (LegendOfBlood.HeroData father, LegendOfBlood.HeroData mother, LegendOfBlood.BreedingOptions options) [0x00058] in E:\game\legendofblood\legacyofblood_unity_mobile_portraitframe\Assets\Scripts\GameSystems\BreedingSystem.cs:63 
  at LegendOfBlood.BreedingSystem.Breed (LegendOfBlood.HeroData father, LegendOfBlood.HeroData mother, LegendOfBlood.BreedingOptions options) [0x0006b] in E:\game\legendofblood\legacyofblood_unity_mobile_portraitframe\Assets\Scripts\GameSystems\BreedingSystem.cs:44 
  at LegendOfBlood.Tests.BreedingSystemTests.BreedingSystem_Options_GuaranteesTrait () [0x00033] in E:\game\legendofblood\legacyofblood_unity_mobile_portraitframe\Assets\Tests\Editor\BreedingSystemTests.cs:135 
  at (wrapper managed-to-native) System.Reflection.RuntimeMethodInfo.InternalInvoke(System.Reflection.RuntimeMethodInfo,object,object[],System.Exception&)
  at System.Reflection.RuntimeMethodInfo.Invoke (System.Object obj, System.Reflection.BindingFlags invokeAttr, System.Reflection.Binder binder, System.Object[] parameters, System.Globalization.CultureInfo culture) [0x0006a] in <41d29b352f6a475ab1bf7c6628b82790>:0 ]]></stack-trace>
              </failure>
              <output><![CDATA[EvolutionTable is not set in GameConfig.
Đã xử lý xong Game Config: 4 Traits, 0 Skills, 0 BuildingConfigs. 0 Quests.
Tải game thành công từ: C:/Users/NGOCMINHPC/AppData/LocalLow/DefaultCompany/legacyofblood_unity_mobile_portraitframe\legendofblood_save.json
AvatarManager not initialized! Cannot assign random avatar.
AvatarManager not initialized! Cannot assign random avatar.
AvatarManager not initialized! Cannot assign random avatar.
]]></output>
            </test-case>
            <test-case id="1025" name="BreedingSystem_SameGender_ReturnsEmptyList" fullname="LegendOfBlood.Tests.BreedingSystemTests.BreedingSystem_SameGender_ReturnsEmptyList" methodname="BreedingSystem_SameGender_ReturnsEmptyList" classname="LegendOfBlood.Tests.BreedingSystemTests" runstate="Runnable" seed="1621456674" result="Failed" start-time="2026-03-06 17:52:51Z" end-time="2026-03-06 17:52:51Z" duration="0.007096" asserts="0">
              <properties>
                <property name="retryIteration" value="0" />
                <property name="repeatIteration" value="0" />
              </properties>
              <failure>
                <message><![CDATA[Unhandled log message: '[Error] AvatarManager not initialized! Cannot assign random avatar.'. Use UnityEngine.TestTools.LogAssert.Expect]]></message>
                <stack-trace><![CDATA[LegendOfBlood.HeroData:.ctor (string,string,LegendOfBlood.Gender) (at Assets/Scripts/DataModels/HeroData.cs:89)
LegendOfBlood.Tests.BreedingSystemTests:BreedingSystem_SameGender_ReturnsEmptyList () (at Assets/Tests/Editor/BreedingSystemTests.cs:65)
System.Reflection.MethodBase:Invoke (object,object[])
NUnit.Framework.Internal.Reflect:InvokeMethod (System.Reflection.MethodInfo,object,object[])
NUnit.Framework.Internal.MethodWrapper:Invoke (object,object[])
NUnit.Framework.Internal.Commands.TestMethodCommand:RunNonAsyncTestMethod (NUnit.Framework.Internal.ITestExecutionContext)
NUnit.Framework.Internal.Commands.TestMethodCommand:RunTestMethod (NUnit.Framework.Internal.ITestExecutionContext)
NUnit.Framework.Internal.Commands.TestMethodCommand:Execute (NUnit.Framework.Internal.ITestExecutionContext)
UnityEditor.EditorApplication:Internal_CallUpdateFunctions ()

]]></stack-trace>
              </failure>
              <output><![CDATA[EvolutionTable is not set in GameConfig.
Đã xử lý xong Game Config: 4 Traits, 0 Skills, 0 BuildingConfigs. 0 Quests.
Tải game thành công từ: C:/Users/NGOCMINHPC/AppData/LocalLow/DefaultCompany/legacyofblood_unity_mobile_portraitframe\legendofblood_save.json
AvatarManager not initialized! Cannot assign random avatar.
AvatarManager not initialized! Cannot assign random avatar.
breeding_error_same_gender
]]></output>
            </test-case>
            <test-case id="1027" name="BreedingSystem_TwinsTrait_MayReturnTwoChildren" fullname="LegendOfBlood.Tests.BreedingSystemTests.BreedingSystem_TwinsTrait_MayReturnTwoChildren" methodname="BreedingSystem_TwinsTrait_MayReturnTwoChildren" classname="LegendOfBlood.Tests.BreedingSystemTests" runstate="Runnable" seed="477507784" result="Failed" label="Error" start-time="2026-03-06 17:52:51Z" end-time="2026-03-06 17:52:51Z" duration="0.007786" asserts="0">
              <properties>
                <property name="retryIteration" value="0" />
                <property name="repeatIteration" value="0" />
              </properties>
              <failure>
                <message><![CDATA[System.NullReferenceException : Object reference not set to an instance of an object]]></message>
                <stack-trace><![CDATA[  at LegendOfBlood.BreedingSystem.InheritTraits (System.Collections.Generic.List`1[T] fatherTraits, System.Collections.Generic.List`1[T] motherTraits, LegendOfBlood.BreedingOptions options) [0x00048] in E:\game\legendofblood\legacyofblood_unity_mobile_portraitframe\Assets\Scripts\GameSystems\BreedingSystem.cs:126 
  at LegendOfBlood.BreedingSystem.CreateSingleOffspring (LegendOfBlood.HeroData father, LegendOfBlood.HeroData mother, LegendOfBlood.BreedingOptions options) [0x00058] in E:\game\legendofblood\legacyofblood_unity_mobile_portraitframe\Assets\Scripts\GameSystems\BreedingSystem.cs:63 
  at LegendOfBlood.BreedingSystem.Breed (LegendOfBlood.HeroData father, LegendOfBlood.HeroData mother, LegendOfBlood.BreedingOptions options) [0x0006b] in E:\game\legendofblood\legacyofblood_unity_mobile_portraitframe\Assets\Scripts\GameSystems\BreedingSystem.cs:44 
  at LegendOfBlood.Tests.BreedingSystemTests.BreedingSystem_TwinsTrait_MayReturnTwoChildren () [0x0003e] in E:\game\legendofblood\legacyofblood_unity_mobile_portraitframe\Assets\Tests\Editor\BreedingSystemTests.cs:98 
  at (wrapper managed-to-native) System.Reflection.RuntimeMethodInfo.InternalInvoke(System.Reflection.RuntimeMethodInfo,object,object[],System.Exception&)
  at System.Reflection.RuntimeMethodInfo.Invoke (System.Object obj, System.Reflection.BindingFlags invokeAttr, System.Reflection.Binder binder, System.Object[] parameters, System.Globalization.CultureInfo culture) [0x0006a] in <41d29b352f6a475ab1bf7c6628b82790>:0 ]]></stack-trace>
              </failure>
              <output><![CDATA[EvolutionTable is not set in GameConfig.
Đã xử lý xong Game Config: 4 Traits, 0 Skills, 0 BuildingConfigs. 0 Quests.
Tải game thành công từ: C:/Users/NGOCMINHPC/AppData/LocalLow/DefaultCompany/legacyofblood_unity_mobile_portraitframe\legendofblood_save.json
AvatarManager not initialized! Cannot assign random avatar.
AvatarManager not initialized! Cannot assign random avatar.
AvatarManager not initialized! Cannot assign random avatar.
]]></output>
            </test-case>
          </test-suite>
          <test-suite type="TestFixture" id="1030" name="BuildingSystemTests" fullname="LegendOfBlood.Tests.BuildingSystemTests" classname="LegendOfBlood.Tests.BuildingSystemTests" runstate="Runnable" testcasecount="2" result="Failed" site="Child" start-time="2026-03-06 17:52:51Z" end-time="2026-03-06 17:52:51Z" duration="0.007178" total="2" passed="0" failed="2" inconclusive="0" skipped="0" asserts="0">
            <properties />
            <failure>
              <message><![CDATA[One or more child tests had errors]]></message>
            </failure>
            <test-case id="1031" name="BuildingSystem_StartUpgrade_DeductsResourcesAndSetsTimer" fullname="LegendOfBlood.Tests.BuildingSystemTests.BuildingSystem_StartUpgrade_DeductsResourcesAndSetsTimer" methodname="BuildingSystem_StartUpgrade_DeductsResourcesAndSetsTimer" classname="LegendOfBlood.Tests.BuildingSystemTests" runstate="Runnable" seed="140711714" result="Failed" label="Error" start-time="2026-03-06 17:52:51Z" end-time="2026-03-06 17:52:51Z" duration="0.004093" asserts="0">
              <properties>
                <property name="retryIteration" value="0" />
                <property name="repeatIteration" value="0" />
              </properties>
              <failure>
                <message><![CDATA[SetUp : System.NullReferenceException : Object reference not set to an instance of an object]]></message>
                <stack-trace><![CDATA[--SetUp
  at LegendOfBlood.DataManager.ProcessGameConfiguration () [0x0015f] in E:\game\legendofblood\legacyofblood_unity_mobile_portraitframe\Assets\Scripts\Managers\DataManager.cs:122 
  at LegendOfBlood.DataManager.InitializeDataManager () [0x0001e] in E:\game\legendofblood\legacyofblood_unity_mobile_portraitframe\Assets\Scripts\Managers\DataManager.cs:90 
  at LegendOfBlood.Tests.BuildingSystemTests.Setup () [0x00160] in E:\game\legendofblood\legacyofblood_unity_mobile_portraitframe\Assets\Tests\Editor\BuildingSystemTests.cs:61 
  at (wrapper managed-to-native) System.Reflection.RuntimeMethodInfo.InternalInvoke(System.Reflection.RuntimeMethodInfo,object,object[],System.Exception&)
  at System.Reflection.RuntimeMethodInfo.Invoke (System.Object obj, System.Reflection.BindingFlags invokeAttr, System.Reflection.Binder binder, System.Object[] parameters, System.Globalization.CultureInfo culture) [0x0006a] in <41d29b352f6a475ab1bf7c6628b82790>:0 ]]></stack-trace>
              </failure>
              <output><![CDATA[EvolutionTable is not set in GameConfig.
]]></output>
            </test-case>
            <test-case id="1032" name="BuildingSystem_Tick_CompletesConstructionOverTime" fullname="LegendOfBlood.Tests.BuildingSystemTests.BuildingSystem_Tick_CompletesConstructionOverTime" methodname="BuildingSystem_Tick_CompletesConstructionOverTime" classname="LegendOfBlood.Tests.BuildingSystemTests" runstate="Runnable" seed="129151938" result="Failed" label="Error" start-time="2026-03-06 17:52:51Z" end-time="2026-03-06 17:52:51Z" duration="0.001374" asserts="0">
              <properties>
                <property name="retryIteration" value="0" />
                <property name="repeatIteration" value="0" />
              </properties>
              <failure>
                <message><![CDATA[SetUp : System.NullReferenceException : Object reference not set to an instance of an object]]></message>
                <stack-trace><![CDATA[--SetUp
  at LegendOfBlood.DataManager.ProcessGameConfiguration () [0x0015f] in E:\game\legendofblood\legacyofblood_unity_mobile_portraitframe\Assets\Scripts\Managers\DataManager.cs:122 
  at LegendOfBlood.DataManager.InitializeDataManager () [0x0001e] in E:\game\legendofblood\legacyofblood_unity_mobile_portraitframe\Assets\Scripts\Managers\DataManager.cs:90 
  at LegendOfBlood.Tests.BuildingSystemTests.Setup () [0x00160] in E:\game\legendofblood\legacyofblood_unity_mobile_portraitframe\Assets\Tests\Editor\BuildingSystemTests.cs:61 
  at (wrapper managed-to-native) System.Reflection.RuntimeMethodInfo.InternalInvoke(System.Reflection.RuntimeMethodInfo,object,object[],System.Exception&)
  at System.Reflection.RuntimeMethodInfo.Invoke (System.Object obj, System.Reflection.BindingFlags invokeAttr, System.Reflection.Binder binder, System.Object[] parameters, System.Globalization.CultureInfo culture) [0x0006a] in <41d29b352f6a475ab1bf7c6628b82790>:0 ]]></stack-trace>
              </failure>
              <output><![CDATA[EvolutionTable is not set in GameConfig.
]]></output>
            </test-case>
          </test-suite>
          <test-suite type="TestFixture" id="1033" name="CombatSystemTests" fullname="LegendOfBlood.Tests.CombatSystemTests" classname="LegendOfBlood.Tests.CombatSystemTests" runstate="Runnable" testcasecount="2" result="Failed" site="Child" start-time="2026-03-06 17:52:51Z" end-time="2026-03-06 17:52:51Z" duration="0.010518" total="2" passed="0" failed="2" inconclusive="0" skipped="0" asserts="0">
            <properties />
            <failure>
              <message><![CDATA[One or more child tests had errors]]></message>
            </failure>
            <test-case id="1034" name="CombatSystem_Simulate_ReturnsValidResult" fullname="LegendOfBlood.Tests.CombatSystemTests.CombatSystem_Simulate_ReturnsValidResult" methodname="CombatSystem_Simulate_ReturnsValidResult" classname="LegendOfBlood.Tests.CombatSystemTests" runstate="Runnable" seed="2125949107" result="Failed" label="Error" start-time="2026-03-06 17:52:51Z" end-time="2026-03-06 17:52:51Z" duration="0.004553" asserts="0">
              <properties>
                <property name="retryIteration" value="0" />
                <property name="repeatIteration" value="0" />
              </properties>
              <failure>
                <message><![CDATA[System.NullReferenceException : Object reference not set to an instance of an object]]></message>
                <stack-trace><![CDATA[  at LegendOfBlood.Tests.CombatSystemTests.CombatSystem_Simulate_ReturnsValidResult () [0x00000] in E:\game\legendofblood\legacyofblood_unity_mobile_portraitframe\Assets\Tests\Editor\CombatSystemTests.cs:64 
  at (wrapper managed-to-native) System.Reflection.RuntimeMethodInfo.InternalInvoke(System.Reflection.RuntimeMethodInfo,object,object[],System.Exception&)
  at System.Reflection.RuntimeMethodInfo.Invoke (System.Object obj, System.Reflection.BindingFlags invokeAttr, System.Reflection.Binder binder, System.Object[] parameters, System.Globalization.CultureInfo culture) [0x0006a] in <41d29b352f6a475ab1bf7c6628b82790>:0 ]]></stack-trace>
              </failure>
              <output><![CDATA[EvolutionTable is not set in GameConfig.
Đã xử lý xong Game Config: 0 Traits, 2 Skills, 0 BuildingConfigs. 0 Quests.
Tải game thành công từ: C:/Users/NGOCMINHPC/AppData/LocalLow/DefaultCompany/legacyofblood_unity_mobile_portraitframe\legendofblood_save.json
]]></output>
            </test-case>
            <test-case id="1035" name="CombatSystem_Simulate_UpdatesHeroHP" fullname="LegendOfBlood.Tests.CombatSystemTests.CombatSystem_Simulate_UpdatesHeroHP" methodname="CombatSystem_Simulate_UpdatesHeroHP" classname="LegendOfBlood.Tests.CombatSystemTests" runstate="Runnable" seed="997996749" result="Failed" label="Error" start-time="2026-03-06 17:52:51Z" end-time="2026-03-06 17:52:51Z" duration="0.004482" asserts="0">
              <properties>
                <property name="retryIteration" value="0" />
                <property name="repeatIteration" value="0" />
              </properties>
              <failure>
                <message><![CDATA[System.NullReferenceException : Object reference not set to an instance of an object]]></message>
                <stack-trace><![CDATA[  at LegendOfBlood.Tests.CombatSystemTests.CombatSystem_Simulate_UpdatesHeroHP () [0x00000] in E:\game\legendofblood\legacyofblood_unity_mobile_portraitframe\Assets\Tests\Editor\CombatSystemTests.cs:90 
  at (wrapper managed-to-native) System.Reflection.RuntimeMethodInfo.InternalInvoke(System.Reflection.RuntimeMethodInfo,object,object[],System.Exception&)
  at System.Reflection.RuntimeMethodInfo.Invoke (System.Object obj, System.Reflection.BindingFlags invokeAttr, System.Reflection.Binder binder, System.Object[] parameters, System.Globalization.CultureInfo culture) [0x0006a] in <41d29b352f6a475ab1bf7c6628b82790>:0 ]]></stack-trace>
              </failure>
              <output><![CDATA[EvolutionTable is not set in GameConfig.
Đã xử lý xong Game Config: 0 Traits, 2 Skills, 0 BuildingConfigs. 0 Quests.
Tải game thành công từ: C:/Users/NGOCMINHPC/AppData/LocalLow/DefaultCompany/legacyofblood_unity_mobile_portraitframe\legendofblood_save.json
]]></output>
            </test-case>
          </test-suite>
          <test-suite type="TestFixture" id="1036" name="CoreUnitDataTests" fullname="LegendOfBlood.Tests.CoreUnitDataTests" classname="LegendOfBlood.Tests.CoreUnitDataTests" runstate="Runnable" testcasecount="2" result="Failed" site="Child" start-time="2026-03-06 17:52:51Z" end-time="2026-03-06 17:52:51Z" duration="0.021425" total="2" passed="0" failed="2" inconclusive="0" skipped="0" asserts="0">
            <properties />
            <failure>
              <message><![CDATA[One or more child tests had errors]]></message>
            </failure>
            <test-case id="1037" name="HeroData_CalculateStats_ScalesWithLevelAndPotential" fullname="LegendOfBlood.Tests.CoreUnitDataTests.HeroData_CalculateStats_ScalesWithLevelAndPotential" methodname="HeroData_CalculateStats_ScalesWithLevelAndPotential" classname="LegendOfBlood.Tests.CoreUnitDataTests" runstate="Runnable" seed="630090848" result="Failed" start-time="2026-03-06 17:52:51Z" end-time="2026-03-06 17:52:51Z" duration="0.009097" asserts="0">
              <properties>
                <property name="retryIteration" value="0" />
                <property name="repeatIteration" value="0" />
              </properties>
              <failure>
                <message><![CDATA[  Higher potential should yield higher HP at same level.
  Expected: True
  But was:  False
]]></message>
                <stack-trace><![CDATA[at LegendOfBlood.Tests.CoreUnitDataTests.HeroData_CalculateStats_ScalesWithLevelAndPotential () [0x00040] in E:\game\legendofblood\legacyofblood_unity_mobile_portraitframe\Assets\Tests\Editor\CoreUnitDataTests.cs:47
]]></stack-trace>
              </failure>
              <output><![CDATA[EvolutionTable is not set in GameConfig.
Đã xử lý xong Game Config: 0 Traits, 0 Skills, 0 BuildingConfigs. 0 Quests.
Tải game thành công từ: C:/Users/NGOCMINHPC/AppData/LocalLow/DefaultCompany/legacyofblood_unity_mobile_portraitframe\legendofblood_save.json
AvatarManager not initialized! Cannot assign random avatar.
AvatarManager not initialized! Cannot assign random avatar.
]]></output>
            </test-case>
            <test-case id="1038" name="HeroData_GetFinalStats_CombinesBaseAndAddedStats" fullname="LegendOfBlood.Tests.CoreUnitDataTests.HeroData_GetFinalStats_CombinesBaseAndAddedStats" methodname="HeroData_GetFinalStats_CombinesBaseAndAddedStats" classname="LegendOfBlood.Tests.CoreUnitDataTests" runstate="Runnable" seed="1440250269" result="Failed" start-time="2026-03-06 17:52:51Z" end-time="2026-03-06 17:52:51Z" duration="0.010031" asserts="0">
              <properties>
                <property name="retryIteration" value="0" />
                <property name="repeatIteration" value="0" />
              </properties>
              <failure>
                <message><![CDATA[Unhandled log message: '[Error] AvatarManager not initialized! Cannot assign random avatar.'. Use UnityEngine.TestTools.LogAssert.Expect]]></message>
                <stack-trace><![CDATA[LegendOfBlood.HeroData:.ctor (string,string,LegendOfBlood.Gender) (at Assets/Scripts/DataModels/HeroData.cs:89)
LegendOfBlood.Tests.CoreUnitDataTests:HeroData_GetFinalStats_CombinesBaseAndAddedStats () (at Assets/Tests/Editor/CoreUnitDataTests.cs:54)
System.Reflection.MethodBase:Invoke (object,object[])
NUnit.Framework.Internal.Reflect:InvokeMethod (System.Reflection.MethodInfo,object,object[])
NUnit.Framework.Internal.MethodWrapper:Invoke (object,object[])
NUnit.Framework.Internal.Commands.TestMethodCommand:RunNonAsyncTestMethod (NUnit.Framework.Internal.ITestExecutionContext)
NUnit.Framework.Internal.Commands.TestMethodCommand:RunTestMethod (NUnit.Framework.Internal.ITestExecutionContext)
NUnit.Framework.Internal.Commands.TestMethodCommand:Execute (NUnit.Framework.Internal.ITestExecutionContext)
UnityEditor.EditorApplication:Internal_CallUpdateFunctions ()

]]></stack-trace>
              </failure>
              <output><![CDATA[EvolutionTable is not set in GameConfig.
Đã xử lý xong Game Config: 0 Traits, 0 Skills, 0 BuildingConfigs. 0 Quests.
Tải game thành công từ: C:/Users/NGOCMINHPC/AppData/LocalLow/DefaultCompany/legacyofblood_unity_mobile_portraitframe\legendofblood_save.json
AvatarManager not initialized! Cannot assign random avatar.
]]></output>
            </test-case>
          </test-suite>
          <test-suite type="TestFixture" id="1039" name="DataManagerTests" fullname="LegendOfBlood.Tests.DataManagerTests" classname="LegendOfBlood.Tests.DataManagerTests" runstate="Runnable" testcasecount="2" result="Failed" site="Child" start-time="2026-03-06 17:52:51Z" end-time="2026-03-06 17:52:51Z" duration="0.015746" total="2" passed="1" failed="1" inconclusive="0" skipped="0" asserts="0">
            <properties />
            <failure>
              <message><![CDATA[One or more child tests had errors]]></message>
            </failure>
            <test-case id="1041" name="DataManager_ModifyPlayerData_ThenSaveAndLoad_DataIsPreserved" fullname="LegendOfBlood.Tests.DataManagerTests.DataManager_ModifyPlayerData_ThenSaveAndLoad_DataIsPreserved" methodname="DataManager_ModifyPlayerData_ThenSaveAndLoad_DataIsPreserved" classname="LegendOfBlood.Tests.DataManagerTests" runstate="Runnable" seed="206007262" result="Failed" start-time="2026-03-06 17:52:51Z" end-time="2026-03-06 17:52:51Z" duration="0.009436" asserts="0">
              <properties>
                <property name="retryIteration" value="0" />
                <property name="repeatIteration" value="0" />
              </properties>
              <failure>
                <message><![CDATA[Unhandled log message: '[Error] AvatarManager not initialized! Cannot assign random avatar.'. Use UnityEngine.TestTools.LogAssert.Expect]]></message>
                <stack-trace><![CDATA[LegendOfBlood.HeroData:.ctor (string,string,LegendOfBlood.Gender) (at Assets/Scripts/DataModels/HeroData.cs:89)
LegendOfBlood.Tests.DataManagerTests:DataManager_ModifyPlayerData_ThenSaveAndLoad_DataIsPreserved () (at Assets/Tests/Editor/DataManagerTests.cs:76)
System.Reflection.MethodBase:Invoke (object,object[])
NUnit.Framework.Internal.Reflect:InvokeMethod (System.Reflection.MethodInfo,object,object[])
NUnit.Framework.Internal.MethodWrapper:Invoke (object,object[])
NUnit.Framework.Internal.Commands.TestMethodCommand:RunNonAsyncTestMethod (NUnit.Framework.Internal.ITestExecutionContext)
NUnit.Framework.Internal.Commands.TestMethodCommand:RunTestMethod (NUnit.Framework.Internal.ITestExecutionContext)
NUnit.Framework.Internal.Commands.TestMethodCommand:Execute (NUnit.Framework.Internal.ITestExecutionContext)
UnityEditor.EditorApplication:Internal_CallUpdateFunctions ()

]]></stack-trace>
              </failure>
              <output><![CDATA[EvolutionTable is not set in GameConfig.
Đã xử lý xong Game Config: 0 Traits, 0 Skills, 0 BuildingConfigs. 0 Quests.
Tải game thành công từ: C:/Users/NGOCMINHPC/AppData/LocalLow/DefaultCompany/legacyofblood_unity_mobile_portraitframe\legendofblood_save.json
AvatarManager not initialized! Cannot assign random avatar.
]]></output>
            </test-case>
            <test-case id="1040" name="DataManager_NewPlayer_HasDefaultValues" fullname="LegendOfBlood.Tests.DataManagerTests.DataManager_NewPlayer_HasDefaultValues" methodname="DataManager_NewPlayer_HasDefaultValues" classname="LegendOfBlood.Tests.DataManagerTests" runstate="Runnable" seed="216322025" result="Passed" start-time="2026-03-06 17:52:51Z" end-time="2026-03-06 17:52:51Z" duration="0.004592" asserts="0">
              <properties>
                <property name="retryIteration" value="0" />
                <property name="repeatIteration" value="0" />
              </properties>
              <output><![CDATA[EvolutionTable is not set in GameConfig.
Đã xử lý xong Game Config: 0 Traits, 0 Skills, 0 BuildingConfigs. 0 Quests.
Tải game thành công từ: C:/Users/NGOCMINHPC/AppData/LocalLow/DefaultCompany/legacyofblood_unity_mobile_portraitframe\legendofblood_save.json
]]></output>
            </test-case>
          </test-suite>
          <test-suite type="TestFixture" id="1042" name="EvolutionSystemTests" fullname="LegendOfBlood.Tests.EvolutionSystemTests" classname="LegendOfBlood.Tests.EvolutionSystemTests" runstate="Runnable" testcasecount="2" result="Failed" site="Child" start-time="2026-03-06 17:52:51Z" end-time="2026-03-06 17:52:51Z" duration="0.019049" total="2" passed="0" failed="2" inconclusive="0" skipped="0" asserts="0">
            <properties />
            <failure>
              <message><![CDATA[One or more child tests had errors]]></message>
            </failure>
            <test-case id="1043" name="EvolutionSystem_Level20_GrantsNewTrait" fullname="LegendOfBlood.Tests.EvolutionSystemTests.EvolutionSystem_Level20_GrantsNewTrait" methodname="EvolutionSystem_Level20_GrantsNewTrait" classname="LegendOfBlood.Tests.EvolutionSystemTests" runstate="Runnable" seed="1818802845" result="Failed" label="Error" start-time="2026-03-06 17:52:51Z" end-time="2026-03-06 17:52:51Z" duration="0.009331" asserts="0">
              <properties>
                <property name="retryIteration" value="0" />
                <property name="repeatIteration" value="0" />
              </properties>
              <failure>
                <message><![CDATA[System.NullReferenceException : Object reference not set to an instance of an object]]></message>
                <stack-trace><![CDATA[  at LegendOfBlood.HeroData.AddExperience (System.Int32 amount) [0x00013] in E:\game\legendofblood\legacyofblood_unity_mobile_portraitframe\Assets\Scripts\DataModels\HeroData.cs:227 
  at LegendOfBlood.Tests.EvolutionSystemTests.EvolutionSystem_Level20_GrantsNewTrait () [0x00025] in E:\game\legendofblood\legacyofblood_unity_mobile_portraitframe\Assets\Tests\Editor\EvolutionSystemTests.cs:80 
  at (wrapper managed-to-native) System.Reflection.RuntimeMethodInfo.InternalInvoke(System.Reflection.RuntimeMethodInfo,object,object[],System.Exception&)
  at System.Reflection.RuntimeMethodInfo.Invoke (System.Object obj, System.Reflection.BindingFlags invokeAttr, System.Reflection.Binder binder, System.Object[] parameters, System.Globalization.CultureInfo culture) [0x0006a] in <41d29b352f6a475ab1bf7c6628b82790>:0 ]]></stack-trace>
              </failure>
              <output><![CDATA[EvolutionSystem Initialized and Subscribed to Level Up event.
EvolutionTable is not set in GameConfig.
Đã xử lý xong Game Config: 2 Traits, 0 Skills, 0 BuildingConfigs. 0 Quests.
Tải game thành công từ: C:/Users/NGOCMINHPC/AppData/LocalLow/DefaultCompany/legacyofblood_unity_mobile_portraitframe\legendofblood_save.json
AvatarManager not initialized! Cannot assign random avatar.
]]></output>
            </test-case>
            <test-case id="1044" name="EvolutionSystem_Level80_GrantsNewTrait" fullname="LegendOfBlood.Tests.EvolutionSystemTests.EvolutionSystem_Level80_GrantsNewTrait" methodname="EvolutionSystem_Level80_GrantsNewTrait" classname="LegendOfBlood.Tests.EvolutionSystemTests" runstate="Runnable" seed="776007584" result="Failed" label="Error" start-time="2026-03-06 17:52:51Z" end-time="2026-03-06 17:52:51Z" duration="0.006949" asserts="0">
              <properties>
                <property name="retryIteration" value="0" />
                <property name="repeatIteration" value="0" />
              </properties>
              <failure>
                <message><![CDATA[System.NullReferenceException : Object reference not set to an instance of an object]]></message>
                <stack-trace><![CDATA[  at LegendOfBlood.HeroData.AddExperience (System.Int32 amount) [0x00013] in E:\game\legendofblood\legacyofblood_unity_mobile_portraitframe\Assets\Scripts\DataModels\HeroData.cs:227 
  at LegendOfBlood.Tests.EvolutionSystemTests.EvolutionSystem_Level80_GrantsNewTrait () [0x00025] in E:\game\legendofblood\legacyofblood_unity_mobile_portraitframe\Assets\Tests\Editor\EvolutionSystemTests.cs:92 
  at (wrapper managed-to-native) System.Reflection.RuntimeMethodInfo.InternalInvoke(System.Reflection.RuntimeMethodInfo,object,object[],System.Exception&)
  at System.Reflection.RuntimeMethodInfo.Invoke (System.Object obj, System.Reflection.BindingFlags invokeAttr, System.Reflection.Binder binder, System.Object[] parameters, System.Globalization.CultureInfo culture) [0x0006a] in <41d29b352f6a475ab1bf7c6628b82790>:0 ]]></stack-trace>
              </failure>
              <output><![CDATA[EvolutionSystem Initialized and Subscribed to Level Up event.
EvolutionTable is not set in GameConfig.
Đã xử lý xong Game Config: 2 Traits, 0 Skills, 0 BuildingConfigs. 0 Quests.
Tải game thành công từ: C:/Users/NGOCMINHPC/AppData/LocalLow/DefaultCompany/legacyofblood_unity_mobile_portraitframe\legendofblood_save.json
AvatarManager not initialized! Cannot assign random avatar.
]]></output>
            </test-case>
          </test-suite>
          <test-suite type="TestFixture" id="1045" name="ExpeditionManagerTests" fullname="LegendOfBlood.Tests.ExpeditionManagerTests" classname="LegendOfBlood.Tests.ExpeditionManagerTests" runstate="Runnable" testcasecount="2" result="Failed" site="Child" start-time="2026-03-06 17:52:51Z" end-time="2026-03-06 17:52:51Z" duration="0.012822" total="2" passed="0" failed="2" inconclusive="0" skipped="0" asserts="0">
            <properties />
            <failure>
              <message><![CDATA[One or more child tests had errors]]></message>
            </failure>
            <test-case id="1046" name="ExpeditionManager_StartExpedition_AddsActiveExpedition" fullname="LegendOfBlood.Tests.ExpeditionManagerTests.ExpeditionManager_StartExpedition_AddsActiveExpedition" methodname="ExpeditionManager_StartExpedition_AddsActiveExpedition" classname="LegendOfBlood.Tests.ExpeditionManagerTests" runstate="Runnable" seed="1216046701" result="Failed" start-time="2026-03-06 17:52:51Z" end-time="2026-03-06 17:52:51Z" duration="0.006319" asserts="0">
              <properties>
                <property name="retryIteration" value="0" />
                <property name="repeatIteration" value="0" />
              </properties>
              <failure>
                <message><![CDATA[SetUp : Unhandled log message: '[Error] ExpeditionManager could not load expeditions.'. Use UnityEngine.TestTools.LogAssert.Expect]]></message>
                <stack-trace><![CDATA[LegendOfBlood.ExpeditionManager:Start () (at Assets/Scripts/GameSystems/ExpeditionManager.cs:39)
System.Reflection.MethodBase:Invoke (object,object[])
LegendOfBlood.Tests.ExpeditionManagerTests:Setup () (at Assets/Tests/Editor/ExpeditionManagerTests.cs:63)
System.Reflection.MethodBase:Invoke (object,object[])
NUnit.Framework.Internal.Reflect:InvokeMethod (System.Reflection.MethodInfo,object,object[])
NUnit.Framework.Internal.Reflect:InvokeMethod (System.Reflection.MethodInfo,object)
UnityEditor.EditorApplication:Internal_CallUpdateFunctions ()

]]></stack-trace>
              </failure>
              <output><![CDATA[EvolutionTable is not set in GameConfig.
Đã xử lý xong Game Config: 0 Traits, 0 Skills, 0 BuildingConfigs. 0 Quests.
Tải game thành công từ: C:/Users/NGOCMINHPC/AppData/LocalLow/DefaultCompany/legacyofblood_unity_mobile_portraitframe\legendofblood_save.json
ExpeditionManager could not load expeditions.
]]></output>
            </test-case>
            <test-case id="1047" name="ExpeditionManager_Tick_CompletesExpeditionAndDeliversReport" fullname="LegendOfBlood.Tests.ExpeditionManagerTests.ExpeditionManager_Tick_CompletesExpeditionAndDeliversReport" methodname="ExpeditionManager_Tick_CompletesExpeditionAndDeliversReport" classname="LegendOfBlood.Tests.ExpeditionManagerTests" runstate="Runnable" seed="155036307" result="Failed" start-time="2026-03-06 17:52:51Z" end-time="2026-03-06 17:52:51Z" duration="0.004477" asserts="0">
              <properties>
                <property name="retryIteration" value="0" />
                <property name="repeatIteration" value="0" />
              </properties>
              <failure>
                <message><![CDATA[SetUp : Unhandled log message: '[Error] ExpeditionManager could not load expeditions.'. Use UnityEngine.TestTools.LogAssert.Expect]]></message>
                <stack-trace><![CDATA[LegendOfBlood.ExpeditionManager:Start () (at Assets/Scripts/GameSystems/ExpeditionManager.cs:39)
System.Reflection.MethodBase:Invoke (object,object[])
LegendOfBlood.Tests.ExpeditionManagerTests:Setup () (at Assets/Tests/Editor/ExpeditionManagerTests.cs:63)
System.Reflection.MethodBase:Invoke (object,object[])
NUnit.Framework.Internal.Reflect:InvokeMethod (System.Reflection.MethodInfo,object,object[])
NUnit.Framework.Internal.Reflect:InvokeMethod (System.Reflection.MethodInfo,object)
UnityEditor.EditorApplication:Internal_CallUpdateFunctions ()

]]></stack-trace>
              </failure>
              <output><![CDATA[EvolutionTable is not set in GameConfig.
Đã xử lý xong Game Config: 0 Traits, 0 Skills, 0 BuildingConfigs. 0 Quests.
Tải game thành công từ: C:/Users/NGOCMINHPC/AppData/LocalLow/DefaultCompany/legacyofblood_unity_mobile_portraitframe\legendofblood_save.json
ExpeditionManager could not load expeditions.
]]></output>
            </test-case>
          </test-suite>
          <test-suite type="TestFixture" id="1048" name="HospitalSystemTests" fullname="LegendOfBlood.Tests.HospitalSystemTests" classname="LegendOfBlood.Tests.HospitalSystemTests" runstate="Runnable" testcasecount="3" result="Failed" site="Child" start-time="2026-03-06 17:52:51Z" end-time="2026-03-06 17:52:51Z" duration="0.030072" total="3" passed="0" failed="3" inconclusive="0" skipped="0" asserts="0">
            <properties />
            <failure>
              <message><![CDATA[One or more child tests had errors]]></message>
            </failure>
            <test-case id="1049" name="HospitalSystem_AdmitHero_SetsSevereInjury" fullname="LegendOfBlood.Tests.HospitalSystemTests.HospitalSystem_AdmitHero_SetsSevereInjury" methodname="HospitalSystem_AdmitHero_SetsSevereInjury" classname="LegendOfBlood.Tests.HospitalSystemTests" runstate="Runnable" seed="2031837813" result="Failed" label="Error" start-time="2026-03-06 17:52:51Z" end-time="2026-03-06 17:52:51Z" duration="0.011300" asserts="0">
              <properties>
                <property name="retryIteration" value="0" />
                <property name="repeatIteration" value="0" />
              </properties>
              <failure>
                <message><![CDATA[System.NullReferenceException : Object reference not set to an instance of an object]]></message>
                <stack-trace><![CDATA[  at LegendOfBlood.HospitalSystem.AdmitHero (System.String heroId) [0x00000] in E:\game\legendofblood\legacyofblood_unity_mobile_portraitframe\Assets\Scripts\GameSystems\HospitalSystem.cs:28 
  at LegendOfBlood.Tests.HospitalSystemTests.HospitalSystem_AdmitHero_SetsSevereInjury () [0x0001d] in E:\game\legendofblood\legacyofblood_unity_mobile_portraitframe\Assets\Tests\Editor\HospitalSystemTests.cs:74 
  at (wrapper managed-to-native) System.Reflection.RuntimeMethodInfo.InternalInvoke(System.Reflection.RuntimeMethodInfo,object,object[],System.Exception&)
  at System.Reflection.RuntimeMethodInfo.Invoke (System.Object obj, System.Reflection.BindingFlags invokeAttr, System.Reflection.Binder binder, System.Object[] parameters, System.Globalization.CultureInfo culture) [0x0006a] in <41d29b352f6a475ab1bf7c6628b82790>:0 ]]></stack-trace>
              </failure>
              <output><![CDATA[EvolutionTable is not set in GameConfig.
Đã xử lý xong Game Config: 0 Traits, 0 Skills, 0 BuildingConfigs. 0 Quests.
Tải game thành công từ: C:/Users/NGOCMINHPC/AppData/LocalLow/DefaultCompany/legacyofblood_unity_mobile_portraitframe\legendofblood_save.json
AvatarManager not initialized! Cannot assign random avatar.
Added hero Test. Total heroes: 1/10
]]></output>
            </test-case>
            <test-case id="1050" name="HospitalSystem_HealLightInjuryInstantly_SpendsGold" fullname="LegendOfBlood.Tests.HospitalSystemTests.HospitalSystem_HealLightInjuryInstantly_SpendsGold" methodname="HospitalSystem_HealLightInjuryInstantly_SpendsGold" classname="LegendOfBlood.Tests.HospitalSystemTests" runstate="Runnable" seed="1469053822" result="Failed" label="Error" start-time="2026-03-06 17:52:51Z" end-time="2026-03-06 17:52:51Z" duration="0.006688" asserts="0">
              <properties>
                <property name="retryIteration" value="0" />
                <property name="repeatIteration" value="0" />
              </properties>
              <failure>
                <message><![CDATA[System.NullReferenceException : Object reference not set to an instance of an object]]></message>
                <stack-trace><![CDATA[  at LegendOfBlood.HospitalSystem.HealLightInjuryInstantly (LegendOfBlood.HeroData hero) [0x00008] in E:\game\legendofblood\legacyofblood_unity_mobile_portraitframe\Assets\Scripts\GameSystems\HospitalSystem.cs:66 
  at LegendOfBlood.Tests.HospitalSystemTests.HospitalSystem_HealLightInjuryInstantly_SpendsGold () [0x0003a] in E:\game\legendofblood\legacyofblood_unity_mobile_portraitframe\Assets\Tests\Editor\HospitalSystemTests.cs:88 
  at (wrapper managed-to-native) System.Reflection.RuntimeMethodInfo.InternalInvoke(System.Reflection.RuntimeMethodInfo,object,object[],System.Exception&)
  at System.Reflection.RuntimeMethodInfo.Invoke (System.Object obj, System.Reflection.BindingFlags invokeAttr, System.Reflection.Binder binder, System.Object[] parameters, System.Globalization.CultureInfo culture) [0x0006a] in <41d29b352f6a475ab1bf7c6628b82790>:0 ]]></stack-trace>
              </failure>
              <output><![CDATA[EvolutionTable is not set in GameConfig.
Đã xử lý xong Game Config: 0 Traits, 0 Skills, 0 BuildingConfigs. 0 Quests.
Tải game thành công từ: C:/Users/NGOCMINHPC/AppData/LocalLow/DefaultCompany/legacyofblood_unity_mobile_portraitframe\legendofblood_save.json
AvatarManager not initialized! Cannot assign random avatar.
Test bị thương nhẹ. Cần 300s để hồi phục.
]]></output>
            </test-case>
            <test-case id="1051" name="HospitalSystem_SevereInjuryTimeout_HeroPerishes" fullname="LegendOfBlood.Tests.HospitalSystemTests.HospitalSystem_SevereInjuryTimeout_HeroPerishes" methodname="HospitalSystem_SevereInjuryTimeout_HeroPerishes" classname="LegendOfBlood.Tests.HospitalSystemTests" runstate="Runnable" seed="1120480285" result="Failed" label="Error" start-time="2026-03-06 17:52:51Z" end-time="2026-03-06 17:52:51Z" duration="0.009581" asserts="0">
              <properties>
                <property name="retryIteration" value="0" />
                <property name="repeatIteration" value="0" />
              </properties>
              <failure>
                <message><![CDATA[System.NullReferenceException : Object reference not set to an instance of an object]]></message>
                <stack-trace><![CDATA[  at LegendOfBlood.HospitalSystem.Tick (System.Single deltaTime) [0x00000] in E:\game\legendofblood\legacyofblood_unity_mobile_portraitframe\Assets\Scripts\GameSystems\HospitalSystem.cs:104 
  at LegendOfBlood.Tests.HospitalSystemTests.HospitalSystem_SevereInjuryTimeout_HeroPerishes () [0x00043] in E:\game\legendofblood\legacyofblood_unity_mobile_portraitframe\Assets\Tests\Editor\HospitalSystemTests.cs:106 
  at (wrapper managed-to-native) System.Reflection.RuntimeMethodInfo.InternalInvoke(System.Reflection.RuntimeMethodInfo,object,object[],System.Exception&)
  at System.Reflection.RuntimeMethodInfo.Invoke (System.Object obj, System.Reflection.BindingFlags invokeAttr, System.Reflection.Binder binder, System.Object[] parameters, System.Globalization.CultureInfo culture) [0x0006a] in <41d29b352f6a475ab1bf7c6628b82790>:0 ]]></stack-trace>
              </failure>
              <output><![CDATA[EvolutionTable is not set in GameConfig.
Đã xử lý xong Game Config: 0 Traits, 0 Skills, 0 BuildingConfigs. 0 Quests.
Tải game thành công từ: C:/Users/NGOCMINHPC/AppData/LocalLow/DefaultCompany/legacyofblood_unity_mobile_portraitframe\legendofblood_save.json
AvatarManager not initialized! Cannot assign random avatar.
Added hero Doomed. Total heroes: 1/10
Doomed bị thương nặng! Sẽ biến mất vĩnh viễn sau 8 giờ nếu không được cứu chữa.
]]></output>
            </test-case>
          </test-suite>
          <test-suite type="TestFixture" id="1052" name="InventoryManagerTests" fullname="LegendOfBlood.Tests.InventoryManagerTests" classname="LegendOfBlood.Tests.InventoryManagerTests" runstate="Runnable" testcasecount="4" result="Failed" site="Child" start-time="2026-03-06 17:52:51Z" end-time="2026-03-06 17:52:51Z" duration="0.021098" total="4" passed="2" failed="2" inconclusive="0" skipped="0" asserts="0">
            <properties />
            <failure>
              <message><![CDATA[One or more child tests had errors]]></message>
            </failure>
            <test-case id="1053" name="InventoryManager_AddResource_IncreasesAmount" fullname="LegendOfBlood.Tests.InventoryManagerTests.InventoryManager_AddResource_IncreasesAmount" methodname="InventoryManager_AddResource_IncreasesAmount" classname="LegendOfBlood.Tests.InventoryManagerTests" runstate="Runnable" seed="539637087" result="Failed" start-time="2026-03-06 17:52:51Z" end-time="2026-03-06 17:52:51Z" duration="0.007279" asserts="0">
              <properties>
                <property name="retryIteration" value="0" />
                <property name="repeatIteration" value="0" />
              </properties>
              <failure>
                <message><![CDATA[  Gold should increase by 100.
  Expected: 100
  But was:  0
]]></message>
                <stack-trace><![CDATA[at LegendOfBlood.Tests.InventoryManagerTests.InventoryManager_AddResource_IncreasesAmount () [0x0001a] in E:\game\legendofblood\legacyofblood_unity_mobile_portraitframe\Assets\Tests\Editor\InventoryManagerTests.cs:73
]]></stack-trace>
              </failure>
              <output><![CDATA[EvolutionTable is not set in GameConfig.
Đã xử lý xong Game Config: 0 Traits, 0 Skills, 0 BuildingConfigs. 0 Quests.
Tải game thành công từ: C:/Users/NGOCMINHPC/AppData/LocalLow/DefaultCompany/legacyofblood_unity_mobile_portraitframe\legendofblood_save.json
]]></output>
            </test-case>
            <test-case id="1054" name="InventoryManager_ConsumeResource_DecreasesAmountIfSufficient" fullname="LegendOfBlood.Tests.InventoryManagerTests.InventoryManager_ConsumeResource_DecreasesAmountIfSufficient" methodname="InventoryManager_ConsumeResource_DecreasesAmountIfSufficient" classname="LegendOfBlood.Tests.InventoryManagerTests" runstate="Runnable" seed="370398044" result="Failed" start-time="2026-03-06 17:52:51Z" end-time="2026-03-06 17:52:51Z" duration="0.004081" asserts="0">
              <properties>
                <property name="retryIteration" value="0" />
                <property name="repeatIteration" value="0" />
              </properties>
              <failure>
                <message><![CDATA[  Consuming resource should succeed when sufficient.
  Expected: True
  But was:  False
]]></message>
                <stack-trace><![CDATA[at LegendOfBlood.Tests.InventoryManagerTests.InventoryManager_ConsumeResource_DecreasesAmountIfSufficient () [0x00028] in E:\game\legendofblood\legacyofblood_unity_mobile_portraitframe\Assets\Tests\Editor\InventoryManagerTests.cs:87
]]></stack-trace>
              </failure>
              <output><![CDATA[EvolutionTable is not set in GameConfig.
Đã xử lý xong Game Config: 0 Traits, 0 Skills, 0 BuildingConfigs. 0 Quests.
Tải game thành công từ: C:/Users/NGOCMINHPC/AppData/LocalLow/DefaultCompany/legacyofblood_unity_mobile_portraitframe\legendofblood_save.json
]]></output>
            </test-case>
            <test-case id="1055" name="InventoryManager_ConsumeResource_FailsIfInsufficient" fullname="LegendOfBlood.Tests.InventoryManagerTests.InventoryManager_ConsumeResource_FailsIfInsufficient" methodname="InventoryManager_ConsumeResource_FailsIfInsufficient" classname="LegendOfBlood.Tests.InventoryManagerTests" runstate="Runnable" seed="171025325" result="Passed" start-time="2026-03-06 17:52:51Z" end-time="2026-03-06 17:52:51Z" duration="0.003121" asserts="0">
              <properties>
                <property name="retryIteration" value="0" />
                <property name="repeatIteration" value="0" />
              </properties>
              <output><![CDATA[EvolutionTable is not set in GameConfig.
Đã xử lý xong Game Config: 0 Traits, 0 Skills, 0 BuildingConfigs. 0 Quests.
Tải game thành công từ: C:/Users/NGOCMINHPC/AppData/LocalLow/DefaultCompany/legacyofblood_unity_mobile_portraitframe\legendofblood_save.json
]]></output>
            </test-case>
[...]
              <output><![CDATA[EvolutionTable is not set in GameConfig.
Đã xử lý xong Game Config: 0 Traits, 0 Skills, 0 BuildingConfigs. 0 Quests.
Tải game thành công từ: C:/Users/NGOCMINHPC/AppData/LocalLow/DefaultCompany/legacyofblood_unity_mobile_portraitframe\legendofblood_save.json
]]></output>
            </test-case>
          </test-suite>
          <test-suite type="TestFixture" id="1057" name="MaturationSystemTests" fullname="LegendOfBlood.Tests.MaturationSystemTests" classname="LegendOfBlood.Tests.MaturationSystemTests" runstate="Runnable" testcasecount="2" result="Failed" site="Child" start-time="2026-03-06 17:52:51Z" end-time="2026-03-06 17:52:52Z" duration="0.014231" total="2" passed="0" failed="2" inconclusive="0" skipped="0" asserts="0">
            <properties />
            <failure>
              <message><![CDATA[One or more child tests had errors]]></message>
            </failure>
            <test-case id="1059" name="MaturationSystem_Tick_IgnoresFutureMaturations" fullname="LegendOfBlood.Tests.MaturationSystemTests.MaturationSystem_Tick_IgnoresFutureMaturations" methodname="MaturationSystem_Tick_IgnoresFutureMaturations" classname="LegendOfBlood.Tests.MaturationSystemTests" runstate="Runnable" seed="1589906710" result="Failed" label="Error" start-time="2026-03-06 17:52:51Z" end-time="2026-03-06 17:52:52Z" duration="0.007321" asserts="0">
              <properties>
                <property name="retryIteration" value="0" />
                <property name="repeatIteration" value="0" />
              </properties>
              <failure>
                <message><![CDATA[System.NullReferenceException : Object reference not set to an instance of an object]]></message>
                <stack-trace><![CDATA[  at LegendOfBlood.MaturationSystem.Tick (System.Single deltaTime) [0x00000] in E:\game\legendofblood\legacyofblood_unity_mobile_portraitframe\Assets\Scripts\GameSystems\MaturationSystem.cs:21 
  at LegendOfBlood.Tests.MaturationSystemTests.MaturationSystem_Tick_IgnoresFutureMaturations () [0x00045] in E:\game\legendofblood\legacyofblood_unity_mobile_portraitframe\Assets\Tests\Editor\MaturationSystemTests.cs:87 
  at (wrapper managed-to-native) System.Reflection.RuntimeMethodInfo.InternalInvoke(System.Reflection.RuntimeMethodInfo,object,object[],System.Exception&)
  at System.Reflection.RuntimeMethodInfo.Invoke (System.Object obj, System.Reflection.BindingFlags invokeAttr, System.Reflection.Binder binder, System.Object[] parameters, System.Globalization.CultureInfo culture) [0x0006a] in <41d29b352f6a475ab1bf7c6628b82790>:0 ]]></stack-trace>
              </failure>
              <output><![CDATA[EvolutionTable is not set in GameConfig.
Đã xử lý xong Game Config: 0 Traits, 0 Skills, 0 BuildingConfigs. 0 Quests.
Tải game thành công từ: C:/Users/NGOCMINHPC/AppData/LocalLow/DefaultCompany/legacyofblood_unity_mobile_portraitframe\legendofblood_save.json
AvatarManager not initialized! Cannot assign random avatar.
Added hero Future. Total heroes: 1/10
]]></output>
            </test-case>
            <test-case id="1058" name="MaturationSystem_Tick_MaturesInfantsOverTime" fullname="LegendOfBlood.Tests.MaturationSystemTests.MaturationSystem_Tick_MaturesInfantsOverTime" methodname="MaturationSystem_Tick_MaturesInfantsOverTime" classname="LegendOfBlood.Tests.MaturationSystemTests" runstate="Runnable" seed="619739841" result="Failed" label="Error" start-time="2026-03-06 17:52:52Z" end-time="2026-03-06 17:52:52Z" duration="0.004917" asserts="0">
              <properties>
                <property name="retryIteration" value="0" />
                <property name="repeatIteration" value="0" />
              </properties>
              <failure>
                <message><![CDATA[System.NullReferenceException : Object reference not set to an instance of an object]]></message>
                <stack-trace><![CDATA[  at LegendOfBlood.MaturationSystem.Tick (System.Single deltaTime) [0x00000] in E:\game\legendofblood\legacyofblood_unity_mobile_portraitframe\Assets\Scripts\GameSystems\MaturationSystem.cs:21 
  at LegendOfBlood.Tests.MaturationSystemTests.MaturationSystem_Tick_MaturesInfantsOverTime () [0x00045] in E:\game\legendofblood\legacyofblood_unity_mobile_portraitframe\Assets\Tests\Editor\MaturationSystemTests.cs:67 
  at (wrapper managed-to-native) System.Reflection.RuntimeMethodInfo.InternalInvoke(System.Reflection.RuntimeMethodInfo,object,object[],System.Exception&)
  at System.Reflection.RuntimeMethodInfo.Invoke (System.Object obj, System.Reflection.BindingFlags invokeAttr, System.Reflection.Binder binder, System.Object[] parameters, System.Globalization.CultureInfo culture) [0x0006a] in <41d29b352f6a475ab1bf7c6628b82790>:0 ]]></stack-trace>
              </failure>
              <output><![CDATA[EvolutionTable is not set in GameConfig.
Đã xử lý xong Game Config: 0 Traits, 0 Skills, 0 BuildingConfigs. 0 Quests.
Tải game thành công từ: C:/Users/NGOCMINHPC/AppData/LocalLow/DefaultCompany/legacyofblood_unity_mobile_portraitframe\legendofblood_save.json
AvatarManager not initialized! Cannot assign random avatar.
Added hero Tiny. Total heroes: 1/10
]]></output>
            </test-case>
          </test-suite>
          <test-suite type="TestFixture" id="1060" name="QuestManagerTests" fullname="LegendOfBlood.Tests.QuestManagerTests" classname="LegendOfBlood.Tests.QuestManagerTests" runstate="Runnable" testcasecount="2" result="Failed" site="Child" start-time="2026-03-06 17:52:52Z" end-time="2026-03-06 17:52:52Z" duration="0.012035" total="2" passed="0" failed="2" inconclusive="0" skipped="0" asserts="0">
            <properties />
            <failure>
              <message><![CDATA[One or more child tests had errors]]></message>
            </failure>
            <test-case id="1061" name="QuestManager_ActivateQuest_SetsStateActive" fullname="LegendOfBlood.Tests.QuestManagerTests.QuestManager_ActivateQuest_SetsStateActive" methodname="QuestManager_ActivateQuest_SetsStateActive" classname="LegendOfBlood.Tests.QuestManagerTests" runstate="Runnable" seed="684620783" result="Failed" label="Error" start-time="2026-03-06 17:52:52Z" end-time="2026-03-06 17:52:52Z" duration="0.006203" asserts="0">
              <properties>
                <property name="retryIteration" value="0" />
                <property name="repeatIteration" value="0" />
              </properties>
              <failure>
                <message><![CDATA[SetUp : System.Reflection.TargetInvocationException : Exception has been thrown by the target of an invocation.
  ----> System.NullReferenceException : Object reference not set to an instance of an object]]></message>
                <stack-trace><![CDATA[--SetUp
  at System.Reflection.RuntimeMethodInfo.Invoke (System.Object obj, System.Reflection.BindingFlags invokeAttr, System.Reflection.Binder binder, System.Object[] parameters, System.Globalization.CultureInfo culture) [0x00083] in <41d29b352f6a475ab1bf7c6628b82790>:0 
  at System.Reflection.MethodBase.Invoke (System.Object obj, System.Object[] parameters) [0x00000] in <41d29b352f6a475ab1bf7c6628b82790>:0 
  at LegendOfBlood.Tests.QuestManagerTests.Setup () [0x0018d] in E:\game\legendofblood\legacyofblood_unity_mobile_portraitframe\Assets\Tests\Editor\QuestManagerTests.cs:62 
  at (wrapper managed-to-native) System.Reflection.RuntimeMethodInfo.InternalInvoke(System.Reflection.RuntimeMethodInfo,object,object[],System.Exception&)
  at System.Reflection.RuntimeMethodInfo.Invoke (System.Object obj, System.Reflection.BindingFlags invokeAttr, System.Reflection.Binder binder, System.Object[] parameters, System.Globalization.CultureInfo culture) [0x0006a] in <41d29b352f6a475ab1bf7c6628b82790>:0 
--NullReferenceException
  at LegendOfBlood.Managers.QuestManager.InitializeQuestManager () [0x00000] in E:\game\legendofblood\legacyofblood_unity_mobile_portraitframe\Assets\Scripts\Managers\QuestManager.cs:61 
  at (wrapper managed-to-native) System.Reflection.RuntimeMethodInfo.InternalInvoke(System.Reflection.RuntimeMethodInfo,object,object[],System.Exception&)
  at System.Reflection.RuntimeMethodInfo.Invoke (System.Object obj, System.Reflection.BindingFlags invokeAttr, System.Reflection.Binder binder, System.Object[] parameters, System.Globalization.CultureInfo culture) [0x0006a] in <41d29b352f6a475ab1bf7c6628b82790>:0 ]]></stack-trace>
              </failure>
              <output><![CDATA[LegendOfBlood.GameConfigs.QuestData must be instantiated using the ScriptableObject.CreateInstance method instead of new QuestData.
EvolutionTable is not set in GameConfig.
Đã xử lý xong Game Config: 0 Traits, 0 Skills, 0 BuildingConfigs. 1 Quests.
Tải game thành công từ: C:/Users/NGOCMINHPC/AppData/LocalLow/DefaultCompany/legacyofblood_unity_mobile_portraitframe\legendofblood_save.json
]]></output>
            </test-case>
            <test-case id="1062" name="QuestManager_EventTriggers_CompletesQuestUponReachingTarget" fullname="LegendOfBlood.Tests.QuestManagerTests.QuestManager_EventTriggers_CompletesQuestUponReachingTarget" methodname="QuestManager_EventTriggers_CompletesQuestUponReachingTarget" classname="LegendOfBlood.Tests.QuestManagerTests" runstate="Runnable" seed="1737328534" result="Failed" label="Error" start-time="2026-03-06 17:52:52Z" end-time="2026-03-06 17:52:52Z" duration="0.004179" asserts="0">
              <properties>
                <property name="retryIteration" value="0" />
                <property name="repeatIteration" value="0" />
              </properties>
              <failure>
                <message><![CDATA[SetUp : System.Reflection.TargetInvocationException : Exception has been thrown by the target of an invocation.
  ----> System.NullReferenceException : Object reference not set to an instance of an object]]></message>
                <stack-trace><![CDATA[--SetUp
  at System.Reflection.RuntimeMethodInfo.Invoke (System.Object obj, System.Reflection.BindingFlags invokeAttr, System.Reflection.Binder binder, System.Object[] parameters, System.Globalization.CultureInfo culture) [0x00083] in <41d29b352f6a475ab1bf7c6628b82790>:0 
  at System.Reflection.MethodBase.Invoke (System.Object obj, System.Object[] parameters) [0x00000] in <41d29b352f6a475ab1bf7c6628b82790>:0 
  at LegendOfBlood.Tests.QuestManagerTests.Setup () [0x0018d] in E:\game\legendofblood\legacyofblood_unity_mobile_portraitframe\Assets\Tests\Editor\QuestManagerTests.cs:62 
  at (wrapper managed-to-native) System.Reflection.RuntimeMethodInfo.InternalInvoke(System.Reflection.RuntimeMethodInfo,object,object[],System.Exception&)
  at System.Reflection.RuntimeMethodInfo.Invoke (System.Object obj, System.Reflection.BindingFlags invokeAttr, System.Reflection.Binder binder, System.Object[] parameters, System.Globalization.CultureInfo culture) [0x0006a] in <41d29b352f6a475ab1bf7c6628b82790>:0 
--NullReferenceException
  at LegendOfBlood.Managers.QuestManager.InitializeQuestManager () [0x00000] in E:\game\legendofblood\legacyofblood_unity_mobile_portraitframe\Assets\Scripts\Managers\QuestManager.cs:61 
  at (wrapper managed-to-native) System.Reflection.RuntimeMethodInfo.InternalInvoke(System.Reflection.RuntimeMethodInfo,object,object[],System.Exception&)
  at System.Reflection.RuntimeMethodInfo.Invoke (System.Object obj, System.Reflection.BindingFlags invokeAttr, System.Reflection.Binder binder, System.Object[] parameters, System.Globalization.CultureInfo culture) [0x0006a] in <41d29b352f6a475ab1bf7c6628b82790>:0 ]]></stack-trace>
              </failure>
              <output><![CDATA[LegendOfBlood.GameConfigs.QuestData must be instantiated using the ScriptableObject.CreateInstance method instead of new QuestData.
EvolutionTable is not set in GameConfig.
Đã xử lý xong Game Config: 0 Traits, 0 Skills, 0 BuildingConfigs. 1 Quests.
Tải game thành công từ: C:/Users/NGOCMINHPC/AppData/LocalLow/DefaultCompany/legacyofblood_unity_mobile_portraitframe\legendofblood_save.json
]]></output>
            </test-case>
          </test-suite>
          <test-suite type="TestFixture" id="1063" name="RecruitmentSystemTests" fullname="LegendOfBlood.Tests.RecruitmentSystemTests" classname="LegendOfBlood.Tests.RecruitmentSystemTests" runstate="Runnable" testcasecount="3" result="Failed" site="Child" start-time="2026-03-06 17:52:52Z" end-time="2026-03-06 17:52:52Z" duration="0.025046" total="3" passed="0" failed="3" inconclusive="0" skipped="0" asserts="0">
            <properties />
            <failure>
              <message><![CDATA[One or more child tests had errors]]></message>
            </failure>
            <test-case id="1066" name="RecruitmentSystem_AssignsCorrectStats" fullname="LegendOfBlood.Tests.RecruitmentSystemTests.RecruitmentSystem_AssignsCorrectStats" methodname="RecruitmentSystem_AssignsCorrectStats" classname="LegendOfBlood.Tests.RecruitmentSystemTests" runstate="Runnable" seed="833119680" result="Failed" label="Error" start-time="2026-03-06 17:52:52Z" end-time="2026-03-06 17:52:52Z" duration="0.005159" asserts="0">
              <properties>
                <property name="retryIteration" value="0" />
                <property name="repeatIteration" value="0" />
              </properties>
              <failure>
                <message><![CDATA[System.NullReferenceException : Object reference not set to an instance of an object]]></message>
                <stack-trace><![CDATA[  at LegendOfBlood.RecruitmentSystem.PerformRecruitment (System.Int32 amount) [0x0000d] in E:\game\legendofblood\legacyofblood_unity_mobile_portraitframe\Assets\Scripts\GameSystems\RecruitmentSystem.cs:14 
  at LegendOfBlood.Tests.RecruitmentSystemTests.RecruitmentSystem_AssignsCorrectStats () [0x00000] in E:\game\legendofblood\legacyofblood_unity_mobile_portraitframe\Assets\Tests\Editor\RecruitmentSystemTests.cs:120 
  at (wrapper managed-to-native) System.Reflection.RuntimeMethodInfo.InternalInvoke(System.Reflection.RuntimeMethodInfo,object,object[],System.Exception&)
  at System.Reflection.RuntimeMethodInfo.Invoke (System.Object obj, System.Reflection.BindingFlags invokeAttr, System.Reflection.Binder binder, System.Object[] parameters, System.Globalization.CultureInfo culture) [0x0006a] in <41d29b352f6a475ab1bf7c6628b82790>:0 ]]></stack-trace>
              </failure>
              <output><![CDATA[EvolutionTable is not set in GameConfig.
Đã xử lý xong Game Config: 2 Traits, 0 Skills, 0 BuildingConfigs. 0 Quests.
Tải game thành công từ: C:/Users/NGOCMINHPC/AppData/LocalLow/DefaultCompany/legacyofblood_unity_mobile_portraitframe\legendofblood_save.json
]]></output>
            </test-case>
            <test-case id="1064" name="RecruitmentSystem_PerformRecruitment_ReturnsNewHeroes" fullname="LegendOfBlood.Tests.RecruitmentSystemTests.RecruitmentSystem_PerformRecruitment_ReturnsNewHeroes" methodname="RecruitmentSystem_PerformRecruitment_ReturnsNewHeroes" classname="LegendOfBlood.Tests.RecruitmentSystemTests" runstate="Runnable" seed="2013159466" result="Failed" label="Error" start-time="2026-03-06 17:52:52Z" end-time="2026-03-06 17:52:52Z" duration="0.003758" asserts="0">
              <properties>
                <property name="retryIteration" value="0" />
                <property name="repeatIteration" value="0" />
              </properties>
              <failure>
                <message><![CDATA[System.NullReferenceException : Object reference not set to an instance of an object]]></message>
                <stack-trace><![CDATA[  at LegendOfBlood.RecruitmentSystem.PerformRecruitment (System.Int32 amount) [0x0000d] in E:\game\legendofblood\legacyofblood_unity_mobile_portraitframe\Assets\Scripts\GameSystems\RecruitmentSystem.cs:14 
  at LegendOfBlood.Tests.RecruitmentSystemTests.RecruitmentSystem_PerformRecruitment_ReturnsNewHeroes () [0x00000] in E:\game\legendofblood\legacyofblood_unity_mobile_portraitframe\Assets\Tests\Editor\RecruitmentSystemTests.cs:91 
  at (wrapper managed-to-native) System.Reflection.RuntimeMethodInfo.InternalInvoke(System.Reflection.RuntimeMethodInfo,object,object[],System.Exception&)
  at System.Reflection.RuntimeMethodInfo.Invoke (System.Object obj, System.Reflection.BindingFlags invokeAttr, System.Reflection.Binder binder, System.Object[] parameters, System.Globalization.CultureInfo culture) [0x0006a] in <41d29b352f6a475ab1bf7c6628b82790>:0 ]]></stack-trace>
              </failure>
              <output><![CDATA[EvolutionTable is not set in GameConfig.
Đã xử lý xong Game Config: 2 Traits, 0 Skills, 0 BuildingConfigs. 0 Quests.
Tải game thành công từ: C:/Users/NGOCMINHPC/AppData/LocalLow/DefaultCompany/legacyofblood_unity_mobile_portraitframe\legendofblood_save.json
]]></output>
            </test-case>
            <test-case id="1065" name="RecruitmentSystem_PopulationFull_StopsRecruitment" fullname="LegendOfBlood.Tests.RecruitmentSystemTests.RecruitmentSystem_PopulationFull_StopsRecruitment" methodname="RecruitmentSystem_PopulationFull_StopsRecruitment" classname="LegendOfBlood.Tests.RecruitmentSystemTests" runstate="Runnable" seed="257992758" result="Failed" label="Error" start-time="2026-03-06 17:52:52Z" end-time="2026-03-06 17:52:52Z" duration="0.014414" asserts="0">
              <properties>
                <property name="retryIteration" value="0" />
                <property name="repeatIteration" value="0" />
              </properties>
              <failure>
                <message><![CDATA[System.NullReferenceException : Object reference not set to an instance of an object]]></message>
                <stack-trace><![CDATA[  at LegendOfBlood.RecruitmentSystem.PerformRecruitment (System.Int32 amount) [0x0000d] in E:\game\legendofblood\legacyofblood_unity_mobile_portraitframe\Assets\Scripts\GameSystems\RecruitmentSystem.cs:14 
  at LegendOfBlood.Tests.RecruitmentSystemTests.RecruitmentSystem_PopulationFull_StopsRecruitment () [0x00043] in E:\game\legendofblood\legacyofblood_unity_mobile_portraitframe\Assets\Tests\Editor\RecruitmentSystemTests.cs:112 
  at (wrapper managed-to-native) System.Reflection.RuntimeMethodInfo.InternalInvoke(System.Reflection.RuntimeMethodInfo,object,object[],System.Exception&)
  at System.Reflection.RuntimeMethodInfo.Invoke (System.Object obj, System.Reflection.BindingFlags invokeAttr, System.Reflection.Binder binder, System.Object[] parameters, System.Globalization.CultureInfo culture) [0x0006a] in <41d29b352f6a475ab1bf7c6628b82790>:0 ]]></stack-trace>
              </failure>
              <output><![CDATA[EvolutionTable is not set in GameConfig.
Đã xử lý xong Game Config: 2 Traits, 0 Skills, 0 BuildingConfigs. 0 Quests.
Tải game thành công từ: C:/Users/NGOCMINHPC/AppData/LocalLow/DefaultCompany/legacyofblood_unity_mobile_portraitframe\legendofblood_save.json
AvatarManager not initialized! Cannot assign random avatar.
Added hero Filler. Total heroes: 1/10
AvatarManager not initialized! Cannot assign random avatar.
Added hero Filler. Total heroes: 2/10
AvatarManager not initialized! Cannot assign random avatar.
Added hero Filler. Total heroes: 3/10
AvatarManager not initialized! Cannot assign random avatar.
Added hero Filler. Total heroes: 4/10
AvatarManager not initialized! Cannot assign random avatar.
Added hero Filler. Total heroes: 5/10
AvatarManager not initialized! Cannot assign random avatar.
Added hero Filler. Total heroes: 6/10
AvatarManager not initialized! Cannot assign random avatar.
Added hero Filler. Total heroes: 7/10
AvatarManager not initialized! Cannot assign random avatar.
Added hero Filler. Total heroes: 8/10
AvatarManager not initialized! Cannot assign random avatar.
Added hero Filler. Total heroes: 9/10
AvatarManager not initialized! Cannot assign random avatar.
Added hero Filler. Total heroes: 10/10
Saving results to: C:/Users/NGOCMINHPC/AppData/LocalLow/DefaultCompany/legacyofblood_unity_mobile_portraitframe\TestResults.xml
]]></output>
            </test-case>
          </test-suite>
        </test-suite>
      </test-suite>
    </test-suite>
  </test-suite>
</test-run>