<?xml version="1.0" encoding="utf-8"?>
<test-run id="2" testcasecount="50" result="Failed(Child)" total="50" passed="27" failed="23" inconclusive="0" skipped="0" asserts="0" engine-version="3.5.0.0" clr-version="4.0.30319.42000" start-time="2026-03-07 14:45:06Z" end-time="2026-03-07 14:45:06Z" duration="0.3872479">
  <test-suite type="TestSuite" id="1078" name="legacyofblood_unity_mobile_portraitframe" fullname="legacyofblood_unity_mobile_portraitframe" runstate="Runnable" testcasecount="50" result="Failed" site="Child" start-time="2026-03-07 14:45:06Z" end-time="2026-03-07 14:45:06Z" duration="0.387248" total="50" passed="27" failed="23" inconclusive="0" skipped="0" asserts="0">
    <properties>
      <property name="platform" value="EditMode" />
    </properties>
    <failure>
      <message><![CDATA[One or more child tests had errors]]></message>
    </failure>
    <test-suite type="Assembly" id="1010" name="LegendOfBlood.Tests.PlayMode.dll" fullname="E:/game/legendofblood/legacyofblood_unity_mobile_portraitframe/Library/ScriptAssemblies/LegendOfBlood.Tests.PlayMode.dll" runstate="Runnable" testcasecount="8" result="Failed" site="Child" start-time="2026-03-07 14:45:06Z" end-time="2026-03-07 14:45:06Z" duration="0.088905" total="8" passed="6" failed="2" inconclusive="0" skipped="0" asserts="0">
      <properties>
        <property name="_PID" value="52100" />
        <property name="_APPDOMAIN" value="Unity Child Domain" />
        <property name="platform" value="EditMode" />
        <property name="EditorOnly" value="True" />
      </properties>
      <failure>
        <message><![CDATA[One or more child tests had errors]]></message>
      </failure>
      <test-suite type="TestFixture" id="1001" name="PlanUpdateVerificationTests" fullname="PlanUpdateVerificationTests" classname="PlanUpdateVerificationTests" runstate="Runnable" testcasecount="8" result="Failed" site="Child" start-time="2026-03-07 14:45:06Z" end-time="2026-03-07 14:45:06Z" duration="0.087143" total="8" passed="6" failed="2" inconclusive="0" skipped="0" asserts="0">
        <properties />
        <failure>
          <message><![CDATA[One or more child tests had errors]]></message>
        </failure>
        <test-case id="1002" name="P1_1_BaseStatCalculation_IsBasedOnPotential" fullname="PlanUpdateVerificationTests.P1_1_BaseStatCalculation_IsBasedOnPotential" methodname="P1_1_BaseStatCalculation_IsBasedOnPotential" classname="PlanUpdateVerificationTests" runstate="Runnable" seed="10806705" result="Passed" start-time="2026-03-07 14:45:06Z" end-time="2026-03-07 14:45:06Z" duration="0.030231" asserts="0">
          <properties>
            <property name="retryIteration" value="0" />
            <property name="repeatIteration" value="0" />
          </properties>
          <reason>
            <message><![CDATA[[Checklist 1.1] THÀNH CÔNG! Chỉ số gốc (ví dụ HP: 120) nằm trong khoảng [POT*8, POT*10].]]></message>
          </reason>
          <output><![CDATA[Đã xử lý xong Game Config: 7 Traits, 0 Skills, 0 BuildingConfigs. 0 Quests.
Tải game thành công từ: C:/Users/NGOCMINHPC/AppData/LocalLow/DefaultCompany/legacyofblood_unity_mobile_portraitframe\legendofblood_save.json
EvolutionSystem Initialized and Subscribed to Level Up event.
[Checklist 1.1] Bắt đầu: Kiểm tra logic tính chỉ số gốc (Base Stats) từ POT.
]]></output>
        </test-case>
        <test-case id="1003" name="P1_2_LevelUp_GrantsFreePointsEqualToPotential" fullname="PlanUpdateVerificationTests.P1_2_LevelUp_GrantsFreePointsEqualToPotential" methodname="P1_2_LevelUp_GrantsFreePointsEqualToPotential" classname="PlanUpdateVerificationTests" runstate="Runnable" seed="515509605" result="Passed" start-time="2026-03-07 14:45:06Z" end-time="2026-03-07 14:45:06Z" duration="0.009428" asserts="0">
          <properties>
            <property name="retryIteration" value="0" />
            <property name="repeatIteration" value="0" />
          </properties>
          <reason>
            <message><![CDATA[[Checklist 1.2] THÀNH CÔNG! Lên cấp và nhận được 15 điểm tự do.]]></message>
          </reason>
          <output><![CDATA[Đã xử lý xong Game Config: 7 Traits, 0 Skills, 0 BuildingConfigs. 0 Quests.
Tải game thành công từ: C:/Users/NGOCMINHPC/AppData/LocalLow/DefaultCompany/legacyofblood_unity_mobile_portraitframe\legendofblood_save.json
EvolutionSystem Initialized and Subscribed to Level Up event.
[Checklist 1.2] Bắt đầu: Kiểm tra logic cộng điểm tiềm năng khi lên cấp.
Test Hero leveled up to 2!
]]></output>
        </test-case>
        <test-case id="1004" name="P1_3_StatAllocation_ManuallyAddsStats" fullname="PlanUpdateVerificationTests.P1_3_StatAllocation_ManuallyAddsStats" methodname="P1_3_StatAllocation_ManuallyAddsStats" classname="PlanUpdateVerificationTests" runstate="Runnable" seed="135647869" result="Passed" start-time="2026-03-07 14:45:06Z" end-time="2026-03-07 14:45:06Z" duration="0.004229" asserts="0">
          <properties>
            <property name="retryIteration" value="0" />
            <property name="repeatIteration" value="0" />
          </properties>
          <reason>
            <message><![CDATA[[Checklist 1.3] THÀNH CÔNG! Phân phối 5 điểm vào HP thành công.]]></message>
          </reason>
          <output><![CDATA[Đã xử lý xong Game Config: 7 Traits, 0 Skills, 0 BuildingConfigs. 0 Quests.
Tải game thành công từ: C:/Users/NGOCMINHPC/AppData/LocalLow/DefaultCompany/legacyofblood_unity_mobile_portraitframe\legendofblood_save.json
EvolutionSystem Initialized and Subscribed to Level Up event.
[Checklist 1.3] Bắt đầu: Kiểm tra logic phân phối điểm tự do thủ công.
]]></output>
        </test-case>
        <test-case id="1007" name="P2_1_TraitInheritance_FollowsTheRules" fullname="PlanUpdateVerificationTests.P2_1_TraitInheritance_FollowsTheRules" methodname="P2_1_TraitInheritance_FollowsTheRules" classname="PlanUpdateVerificationTests" runstate="Runnable" seed="420623941" result="Passed" start-time="2026-03-07 14:45:06Z" end-time="2026-03-07 14:45:06Z" duration="0.005712" asserts="0">
          <properties>
            <property name="retryIteration" value="0" />
            <property name="repeatIteration" value="0" />
          </properties>
          <reason>
            <message><![CDATA[[Checklist 2.1] THÀNH CÔNG! Di truyền 3 trait (1 cha, 1 mẹ, 1 ngẫu nhiên) hoạt động đúng.]]></message>
          </reason>
          <output><![CDATA[Đã xử lý xong Game Config: 7 Traits, 0 Skills, 0 BuildingConfigs. 0 Quests.
Tải game thành công từ: C:/Users/NGOCMINHPC/AppData/LocalLow/DefaultCompany/legacyofblood_unity_mobile_portraitframe\legendofblood_save.json
EvolutionSystem Initialized and Subscribed to Level Up event.
[Checklist 2.1] Bắt đầu: Kiểm tra logic di truyền 3 trait.
]]></output>
        </test-case>
        <test-case id="1006" name="P2_2_LevelUpTo20_GrantsNewFamilyTrait" fullname="PlanUpdateVerificationTests.P2_2_LevelUpTo20_GrantsNewFamilyTrait" methodname="P2_2_LevelUpTo20_GrantsNewFamilyTrait" classname="PlanUpdateVerificationTests" runstate="Runnable" seed="1180262575" result="Failed" label="Error" start-time="2026-03-07 14:45:06Z" end-time="2026-03-07 14:45:06Z" duration="0.005024" asserts="0">
          <properties>
            <property name="retryIteration" value="0" />
            <property name="repeatIteration" value="0" />
          </properties>
          <failure>
            <message><![CDATA[System.NullReferenceException : Object reference not set to an instance of an object]]></message>
            <stack-trace><![CDATA[  at LegendOfBlood.HeroData.GetFinalStats () [0x001da] in E:\game\legendofblood\legacyofblood_unity_mobile_portraitframe\Assets\Scripts\DataModels\HeroData.cs:204 
  at LegendOfBlood.HeroData.AddExperience (System.Int32 amount) [0x0005f] in E:\game\legendofblood\legacyofblood_unity_mobile_portraitframe\Assets\Scripts\DataModels\HeroData.cs:272 
  at PlanUpdateVerificationTests.P2_2_LevelUpTo20_GrantsNewFamilyTrait () [0x00059] in E:\game\legendofblood\legacyofblood_unity_mobile_portraitframe\Assets\Tests\PlayMode\PlanUpdateVerificationTests.cs:173 
  at (wrapper managed-to-native) System.Reflection.RuntimeMethodInfo.InternalInvoke(System.Reflection.RuntimeMethodInfo,object,object[],System.Exception&)
  at System.Reflection.RuntimeMethodInfo.Invoke (System.Object obj, System.Reflection.BindingFlags invokeAttr, System.Reflection.Binder binder, System.Object[] parameters, System.Globalization.CultureInfo culture) [0x0006a] in <41d29b352f6a475ab1bf7c6628b82790>:0 ]]></stack-trace>
          </failure>
          <output><![CDATA[Đã xử lý xong Game Config: 7 Traits, 0 Skills, 0 BuildingConfigs. 0 Quests.
Tải game thành công từ: C:/Users/NGOCMINHPC/AppData/LocalLow/DefaultCompany/legacyofblood_unity_mobile_portraitframe\legendofblood_save.json
EvolutionSystem Initialized and Subscribed to Level Up event.
[Checklist 2.2] Bắt đầu: Kiểm tra nhận trait mới ở cấp 20.
]]></output>
        </test-case>
        <test-case id="1005" name="P2_5_TraitFamily_DataIsCorrect" fullname="PlanUpdateVerificationTests.P2_5_TraitFamily_DataIsCorrect" methodname="P2_5_TraitFamily_DataIsCorrect" classname="PlanUpdateVerificationTests" runstate="Runnable" seed="733146088" result="Passed" start-time="2026-03-07 14:45:06Z" end-time="2026-03-07 14:45:06Z" duration="0.003920" asserts="0">
          <properties>
            <property name="retryIteration" value="0" />
            <property name="repeatIteration" value="0" />
          </properties>
          <reason>
            <message><![CDATA[[Checklist 2.5] THÀNH CÔNG! Gia đình 'ATK_UP' có 3 thành viên D, C, B đúng như dữ liệu giả lập.]]></message>
          </reason>
          <output><![CDATA[Đã xử lý xong Game Config: 7 Traits, 0 Skills, 0 BuildingConfigs. 0 Quests.
Tải game thành công từ: C:/Users/NGOCMINHPC/AppData/LocalLow/DefaultCompany/legacyofblood_unity_mobile_portraitframe\legendofblood_save.json
EvolutionSystem Initialized and Subscribed to Level Up event.
[Checklist 2.5] Bắt đầu: Kiểm tra dữ liệu gia đình trait.
]]></output>
        </test-case>
        <test-case id="1008" name="P3_1_HeroBelowLevel20_HasNoProfession" fullname="PlanUpdateVerificationTests.P3_1_HeroBelowLevel20_HasNoProfession" methodname="P3_1_HeroBelowLevel20_HasNoProfession" classname="PlanUpdateVerificationTests" runstate="Runnable" seed="196505007" result="Passed" start-time="2026-03-07 14:45:06Z" end-time="2026-03-07 14:45:06Z" duration="0.003945" asserts="0">
          <properties>
            <property name="retryIteration" value="0" />
            <property name="repeatIteration" value="0" />
          </properties>
          <reason>
            <message><![CDATA[[Checklist 3.1] THÀNH CÔNG! Hero ở cấp 19 có trạng thái nghề là Profession.None.]]></message>
          </reason>
          <output><![CDATA[Đã xử lý xong Game Config: 7 Traits, 0 Skills, 0 BuildingConfigs. 0 Quests.
Tải game thành công từ: C:/Users/NGOCMINHPC/AppData/LocalLow/DefaultCompany/legacyofblood_unity_mobile_portraitframe\legendofblood_save.json
EvolutionSystem Initialized and Subscribed to Level Up event.
[Checklist 3.1] Bắt đầu: Kiểm tra hero dưới cấp 20 chưa có nghề.
]]></output>
        </test-case>
        <test-case id="1009" name="P4_3_AddHero_FailsWhenPopulationIsFull" fullname="PlanUpdateVerificationTests.P4_3_AddHero_FailsWhenPopulationIsFull" methodname="P4_3_AddHero_FailsWhenPopulationIsFull" classname="PlanUpdateVerificationTests" runstate="Runnable" seed="453234573" result="Failed" start-time="2026-03-07 14:45:06Z" end-time="2026-03-07 14:45:06Z" duration="0.006419" asserts="0">
          <properties>
            <property name="retryIteration" value="0" />
            <property name="repeatIteration" value="0" />
          </properties>
          <failure>
            <message><![CDATA[  Setup failed: Hero list should be full.
  Expected: 20
  But was:  0
]]></message>
            <stack-trace><![CDATA[at PlanUpdateVerificationTests.P4_3_AddHero_FailsWhenPopulationIsFull () [0x00071] in E:\game\legendofblood\legacyofblood_unity_mobile_portraitframe\Assets\Tests\PlayMode\PlanUpdateVerificationTests.cs:249
]]></stack-trace>
          </failure>
          <output><![CDATA[Đã xử lý xong Game Config: 7 Traits, 0 Skills, 0 BuildingConfigs. 0 Quests.
Tải game thành công từ: C:/Users/NGOCMINHPC/AppData/LocalLow/DefaultCompany/legacyofblood_unity_mobile_portraitframe\legendofblood_save.json
EvolutionSystem Initialized and Subscribed to Level Up event.
[Checklist 4.3] Bắt đầu: Kiểm tra không thể thêm hero khi dân số đầy.
]]></output>
        </test-case>
      </test-suite>
    </test-suite>
    <test-suite type="Assembly" id="1067" name="Tests.dll" fullname="E:/game/legendofblood/legacyofblood_unity_mobile_portraitframe/Library/ScriptAssemblies/Tests.dll" runstate="Runnable" testcasecount="42" result="Failed" site="Child" start-time="2026-03-07 14:45:06Z" end-time="2026-03-07 14:45:06Z" duration="0.286916" total="42" passed="21" failed="21" inconclusive="0" skipped="0" asserts="0">
      <properties>
        <property name="_PID" value="52100" />
        <property name="_APPDOMAIN" value="Unity Child Domain" />
        <property name="platform" value="EditMode" />
        <property name="EditorOnly" value="True" />
      </properties>
      <failure>
        <message><![CDATA[One or more child tests had errors]]></message>
      </failure>
      <test-suite type="TestFixture" id="1011" name="GameMechanicsValidationTests" fullname="GameMechanicsValidationTests" classname="GameMechanicsValidationTests" runstate="Runnable" testcasecount="8" result="Passed" start-time="2026-03-07 14:45:06Z" end-time="2026-03-07 14:45:06Z" duration="0.015143" total="8" passed="8" failed="0" inconclusive="0" skipped="0" asserts="0">
        <properties />
        <test-case id="1012" name="T1_1_BaseStats_AreCalculatedFromPOT" fullname="GameMechanicsValidationTests.T1_1_BaseStats_AreCalculatedFromPOT" methodname="T1_1_BaseStats_AreCalculatedFromPOT" classname="GameMechanicsValidationTests" runstate="Runnable" seed="1524087633" result="Passed" start-time="2026-03-07 14:45:06Z" end-time="2026-03-07 14:45:06Z" duration="0.005870" asserts="0">
          <properties>
            <property name="retryIteration" value="0" />
            <property name="repeatIteration" value="0" />
          </properties>
        </test-case>
        <test-case id="1013" name="T1_2_LevelUp_GrantsFreePointsInsteadOfStats" fullname="GameMechanicsValidationTests.T1_2_LevelUp_GrantsFreePointsInsteadOfStats" methodname="T1_2_LevelUp_GrantsFreePointsInsteadOfStats" classname="GameMechanicsValidationTests" runstate="Runnable" seed="1219354499" result="Passed" start-time="2026-03-07 14:45:06Z" end-time="2026-03-07 14:45:06Z" duration="0.000397" asserts="0">
          <properties>
            <property name="retryIteration" value="0" />
            <property name="repeatIteration" value="0" />
          </properties>
        </test-case>
        <test-case id="1015" name="T2_2_NewTraitAtLevelUp_IsUniqueFamilyUsingTwoRolls" fullname="GameMechanicsValidationTests.T2_2_NewTraitAtLevelUp_IsUniqueFamilyUsingTwoRolls" methodname="T2_2_NewTraitAtLevelUp_IsUniqueFamilyUsingTwoRolls" classname="GameMechanicsValidationTests" runstate="Runnable" seed="1820085635" result="Passed" start-time="2026-03-07 14:45:06Z" end-time="2026-03-07 14:45:06Z" duration="0.002074" asserts="0">
          <properties>
            <property name="retryIteration" value="0" />
            <property name="repeatIteration" value="0" />
          </properties>
        </test-case>
        <test-case id="1016" name="T2_3_TraitUpgradeAtLevel60_ReplacesOldTrait" fullname="GameMechanicsValidationTests.T2_3_TraitUpgradeAtLevel60_ReplacesOldTrait" methodname="T2_3_TraitUpgradeAtLevel60_ReplacesOldTrait" classname="GameMechanicsValidationTests" runstate="Runnable" seed="855574457" result="Passed" start-time="2026-03-07 14:45:06Z" end-time="2026-03-07 14:45:06Z" duration="0.000392" asserts="0">
          <properties>
            <property name="retryIteration" value="0" />
            <property name="repeatIteration" value="0" />
          </properties>
        </test-case>
        <test-case id="1017" name="T2_4_CannotUpgrade_MaxRankTrait" fullname="GameMechanicsValidationTests.T2_4_CannotUpgrade_MaxRankTrait" methodname="T2_4_CannotUpgrade_MaxRankTrait" classname="GameMechanicsValidationTests" runstate="Runnable" seed="857935864" result="Passed" start-time="2026-03-07 14:45:06Z" end-time="2026-03-07 14:45:06Z" duration="0.000373" asserts="0">
          <properties>
            <property name="retryIteration" value="0" />
            <property name="repeatIteration" value="0" />
          </properties>
        </test-case>
        <test-case id="1014" name="T3_1_Profession_IsNoneBeforeLevel20" fullname="GameMechanicsValidationTests.T3_1_Profession_IsNoneBeforeLevel20" methodname="T3_1_Profession_IsNoneBeforeLevel20" classname="GameMechanicsValidationTests" runstate="Runnable" seed="687613957" result="Passed" start-time="2026-03-07 14:45:06Z" end-time="2026-03-07 14:45:06Z" duration="0.000231" asserts="0">
          <properties>
            <property name="retryIteration" value="0" />
            <property name="repeatIteration" value="0" />
          </properties>
        </test-case>
        <test-case id="1018" name="T3_4_Breeding_AppliesCooldown" fullname="GameMechanicsValidationTests.T3_4_Breeding_AppliesCooldown" methodname="T3_4_Breeding_AppliesCooldown" classname="GameMechanicsValidationTests" runstate="Runnable" seed="1318778148" result="Passed" start-time="2026-03-07 14:45:06Z" end-time="2026-03-07 14:45:06Z" duration="0.000204" asserts="0">
          <properties>
            <property name="retryIteration" value="0" />
            <property name="repeatIteration" value="0" />
          </properties>
        </test-case>
        <test-case id="1019" name="T3_5_Breeding_IncrementsCounterAndReachesLimit" fullname="GameMechanicsValidationTests.T3_5_Breeding_IncrementsCounterAndReachesLimit" methodname="T3_5_Breeding_IncrementsCounterAndReachesLimit" classname="GameMechanicsValidationTests" runstate="Runnable" seed="913181587" result="Passed" start-time="2026-03-07 14:45:06Z" end-time="2026-03-07 14:45:06Z" duration="0.000239" asserts="0">
          <properties>
            <property name="retryIteration" value="0" />
            <property name="repeatIteration" value="0" />
          </properties>
        </test-case>
      </test-suite>
      <test-suite type="TestSuite" id="1068" name="LegendOfBlood" fullname="LegendOfBlood" runstate="Runnable" testcasecount="34" result="Failed" site="Child" start-time="2026-03-07 14:45:06Z" end-time="2026-03-07 14:45:06Z" duration="0.256299" total="34" passed="13" failed="21" inconclusive="0" skipped="0" asserts="0">
        <properties />
        <failure>
          <message><![CDATA[One or more child tests had errors]]></message>
        </failure>
        <test-suite type="TestSuite" id="1069" name="Tests" fullname="LegendOfBlood.Tests" runstate="Runnable" testcasecount="34" result="Failed" site="Child" start-time="2026-03-07 14:45:06Z" end-time="2026-03-07 14:45:06Z" duration="0.251254" total="34" passed="13" failed="21" inconclusive="0" skipped="0" asserts="0">
          <properties />
          <failure>
            <message><![CDATA[One or more child tests had errors]]></message>
          </failure>
          <test-suite type="TestFixture" id="1020" name="ArenaSystemTests" fullname="LegendOfBlood.Tests.ArenaSystemTests" classname="LegendOfBlood.Tests.ArenaSystemTests" runstate="Runnable" testcasecount="3" result="Passed" start-time="2026-03-07 14:45:06Z" end-time="2026-03-07 14:45:06Z" duration="0.013169" total="3" passed="3" failed="0" inconclusive="0" skipped="0" asserts="0">
            <properties />
            <test-case id="1023" name="ArenaSystem_FindOpponentSquad_ReturnsValidSquad" fullname="LegendOfBlood.Tests.ArenaSystemTests.ArenaSystem_FindOpponentSquad_ReturnsValidSquad" methodname="ArenaSystem_FindOpponentSquad_ReturnsValidSquad" classname="LegendOfBlood.Tests.ArenaSystemTests" runstate="Runnable" seed="962230772" result="Passed" start-time="2026-03-07 14:45:06Z" end-time="2026-03-07 14:45:06Z" duration="0.006119" asserts="0">
              <properties>
                <property name="retryIteration" value="0" />
                <property name="repeatIteration" value="0" />
              </properties>
              <output><![CDATA[Đã xử lý xong Game Config: 0 Traits, 0 Skills, 0 BuildingConfigs. 0 Quests.
Tải game thành công từ: C:/Users/NGOCMINHPC/AppData/LocalLow/DefaultCompany/legacyofblood_unity_mobile_portraitframe\legendofblood_save.json
Generating opponent for player with 1500 points.
]]></output>
            </test-case>
            <test-case id="1022" name="ArenaSystem_ProcessMatchResult_Loss_DecreasesPoints" fullname="LegendOfBlood.Tests.ArenaSystemTests.ArenaSystem_ProcessMatchResult_Loss_DecreasesPoints" methodname="ArenaSystem_ProcessMatchResult_Loss_DecreasesPoints" classname="LegendOfBlood.Tests.ArenaSystemTests" runstate="Runnable" seed="645360213" result="Passed" start-time="2026-03-07 14:45:06Z" end-time="2026-03-07 14:45:06Z" duration="0.003068" asserts="0">
              <properties>
                <property name="retryIteration" value="0" />
                <property name="repeatIteration" value="0" />
              </properties>
              <output><![CDATA[Đã xử lý xong Game Config: 0 Traits, 0 Skills, 0 BuildingConfigs. 0 Quests.
Tải game thành công từ: C:/Users/NGOCMINHPC/AppData/LocalLow/DefaultCompany/legacyofblood_unity_mobile_portraitframe\legendofblood_save.json
Match result processed. Player now has 980 points.
]]></output>
            </test-case>
            <test-case id="1021" name="ArenaSystem_ProcessMatchResult_Win_IncreasesPointsAndCoins" fullname="LegendOfBlood.Tests.ArenaSystemTests.ArenaSystem_ProcessMatchResult_Win_IncreasesPointsAndCoins" methodname="ArenaSystem_ProcessMatchResult_Win_IncreasesPointsAndCoins" classname="LegendOfBlood.Tests.ArenaSystemTests" runstate="Runnable" seed="966748487" result="Passed" start-time="2026-03-07 14:45:06Z" end-time="2026-03-07 14:45:06Z" duration="0.002810" asserts="0">
              <properties>
                <property name="retryIteration" value="0" />
                <property name="repeatIteration" value="0" />
              </properties>
              <output><![CDATA[Đã xử lý xong Game Config: 0 Traits, 0 Skills, 0 BuildingConfigs. 0 Quests.
Tải game thành công từ: C:/Users/NGOCMINHPC/AppData/LocalLow/DefaultCompany/legacyofblood_unity_mobile_portraitframe\legendofblood_save.json
Match result processed. Player now has 1025 points.
]]></output>
            </test-case>
          </test-suite>
          <test-suite type="TestFixture" id="1024" name="BreedingSystemTests" fullname="LegendOfBlood.Tests.BreedingSystemTests" classname="LegendOfBlood.Tests.BreedingSystemTests" runstate="Runnable" testcasecount="5" result="Failed" site="Child" start-time="2026-03-07 14:45:06Z" end-time="2026-03-07 14:45:06Z" duration="0.022252" total="5" passed="0" failed="5" inconclusive="0" skipped="0" asserts="0">
            <properties />
            <failure>
              <message><![CDATA[One or more child tests had errors]]></message>
            </failure>
            <test-case id="1028" name="BreedingSystem_EliteBloodline_IncreasesStats" fullname="LegendOfBlood.Tests.BreedingSystemTests.BreedingSystem_EliteBloodline_IncreasesStats" methodname="BreedingSystem_EliteBloodline_IncreasesStats" classname="LegendOfBlood.Tests.BreedingSystemTests" runstate="Runnable" seed="74459249" result="Failed" label="Error" start-time="2026-03-07 14:45:06Z" end-time="2026-03-07 14:45:06Z" duration="0.004522" asserts="0">
              <properties>
                <property name="retryIteration" value="0" />
                <property name="repeatIteration" value="0" />
              </properties>
              <failure>
                <message><![CDATA[System.NullReferenceException : Object reference not set to an instance of an object]]></message>
                <stack-trace><![CDATA[  at LegendOfBlood.HeroData.GetFinalStats () [0x001da] in E:\game\legendofblood\legacyofblood_unity_mobile_portraitframe\Assets\Scripts\DataModels\HeroData.cs:204 
  at LegendOfBlood.BreedingSystem.CreateSingleOffspring (LegendOfBlood.HeroData father, LegendOfBlood.HeroData mother, LegendOfBlood.BreedingOptions options) [0x000fd] in E:\game\legendofblood\legacyofblood_unity_mobile_portraitframe\Assets\Scripts\GameSystems\BreedingSystem.cs:85 
  at LegendOfBlood.BreedingSystem.Breed (LegendOfBlood.HeroData father, LegendOfBlood.HeroData mother, LegendOfBlood.BreedingOptions options) [0x000b3] in E:\game\legendofblood\legacyofblood_unity_mobile_portraitframe\Assets\Scripts\GameSystems\BreedingSystem.cs:53 
  at LegendOfBlood.Tests.BreedingSystemTests.BreedingSystem_EliteBloodline_IncreasesStats () [0x0004e] in E:\game\legendofblood\legacyofblood_unity_mobile_portraitframe\Assets\Tests\Editor\BreedingSystemTests.cs:120 
  at (wrapper managed-to-native) System.Reflection.RuntimeMethodInfo.InternalInvoke(System.Reflection.RuntimeMethodInfo,object,object[],System.Exception&)
  at System.Reflection.RuntimeMethodInfo.Invoke (System.Object obj, System.Reflection.BindingFlags invokeAttr, System.Reflection.Binder binder, System.Object[] parameters, System.Globalization.CultureInfo culture) [0x0006a] in <41d29b352f6a475ab1bf7c6628b82790>:0 ]]></stack-trace>
              </failure>
              <output><![CDATA[Đã xử lý xong Game Config: 4 Traits, 0 Skills, 0 BuildingConfigs. 0 Quests.
Tải game thành công từ: C:/Users/NGOCMINHPC/AppData/LocalLow/DefaultCompany/legacyofblood_unity_mobile_portraitframe\legendofblood_save.json
]]></output>
            </test-case>
            <test-case id="1026" name="BreedingSystem_NormalBreeding_ReturnsOneChild" fullname="LegendOfBlood.Tests.BreedingSystemTests.BreedingSystem_NormalBreeding_ReturnsOneChild" methodname="BreedingSystem_NormalBreeding_ReturnsOneChild" classname="LegendOfBlood.Tests.BreedingSystemTests" runstate="Runnable" seed="303000094" result="Failed" label="Error" start-time="2026-03-07 14:45:06Z" end-time="2026-03-07 14:45:06Z" duration="0.002428" asserts="0">
              <properties>
                <property name="retryIteration" value="0" />
                <property name="repeatIteration" value="0" />
              </properties>
              <failure>
                <message><![CDATA[System.NullReferenceException : Object reference not set to an instance of an object]]></message>
                <stack-trace><![CDATA[  at LegendOfBlood.HeroData.GetFinalStats () [0x001da] in E:\game\legendofblood\legacyofblood_unity_mobile_portraitframe\Assets\Scripts\DataModels\HeroData.cs:204 
  at LegendOfBlood.BreedingSystem.CreateSingleOffspring (LegendOfBlood.HeroData father, LegendOfBlood.HeroData mother, LegendOfBlood.BreedingOptions options) [0x000fd] in E:\game\legendofblood\legacyofblood_unity_mobile_portraitframe\Assets\Scripts\GameSystems\BreedingSystem.cs:85 
  at LegendOfBlood.BreedingSystem.Breed (LegendOfBlood.HeroData father, LegendOfBlood.HeroData mother, LegendOfBlood.BreedingOptions options) [0x000b3] in E:\game\legendofblood\legacyofblood_unity_mobile_portraitframe\Assets\Scripts\GameSystems\BreedingSystem.cs:53 
  at LegendOfBlood.Tests.BreedingSystemTests.BreedingSystem_NormalBreeding_ReturnsOneChild () [0x00032] in E:\game\legendofblood\legacyofblood_unity_mobile_portraitframe\Assets\Tests\Editor\BreedingSystemTests.cs:84 
  at (wrapper managed-to-native) System.Reflection.RuntimeMethodInfo.InternalInvoke(System.Reflection.RuntimeMethodInfo,object,object[],System.Exception&)
  at System.Reflection.RuntimeMethodInfo.Invoke (System.Object obj, System.Reflection.BindingFlags invokeAttr, System.Reflection.Binder binder, System.Object[] parameters, System.Globalization.CultureInfo culture) [0x0006a] in <41d29b352f6a475ab1bf7c6628b82790>:0 ]]></stack-trace>
              </failure>
              <output><![CDATA[Đã xử lý xong Game Config: 4 Traits, 0 Skills, 0 BuildingConfigs. 0 Quests.
Tải game thành công từ: C:/Users/NGOCMINHPC/AppData/LocalLow/DefaultCompany/legacyofblood_unity_mobile_portraitframe\legendofblood_save.json
]]></output>
            </test-case>
            <test-case id="1029" name="BreedingSystem_Options_GuaranteesTrait" fullname="LegendOfBlood.Tests.BreedingSystemTests.BreedingSystem_Options_GuaranteesTrait" methodname="BreedingSystem_Options_GuaranteesTrait" classname="LegendOfBlood.Tests.BreedingSystemTests" runstate="Runnable" seed="116031061" result="Failed" label="Error" start-time="2026-03-07 14:45:06Z" end-time="2026-03-07 14:45:06Z" duration="0.002358" asserts="0">
              <properties>
                <property name="retryIteration" value="0" />
                <property name="repeatIteration" value="0" />
              </properties>
              <failure>
                <message><![CDATA[System.NullReferenceException : Object reference not set to an instance of an object]]></message>
                <stack-trace><![CDATA[  at LegendOfBlood.HeroData.GetFinalStats () [0x001da] in E:\game\legendofblood\legacyofblood_unity_mobile_portraitframe\Assets\Scripts\DataModels\HeroData.cs:204 
  at LegendOfBlood.BreedingSystem.CreateSingleOffspring (LegendOfBlood.HeroData father, LegendOfBlood.HeroData mother, LegendOfBlood.BreedingOptions options) [0x000fd] in E:\game\legendofblood\legacyofblood_unity_mobile_portraitframe\Assets\Scripts\GameSystems\BreedingSystem.cs:85 
  at LegendOfBlood.BreedingSystem.Breed (LegendOfBlood.HeroData father, LegendOfBlood.HeroData mother, LegendOfBlood.BreedingOptions options) [0x000b3] in E:\game\legendofblood\legacyofblood_unity_mobile_portraitframe\Assets\Scripts\GameSystems\BreedingSystem.cs:53 
  at LegendOfBlood.Tests.BreedingSystemTests.BreedingSystem_Options_GuaranteesTrait () [0x00033] in E:\game\legendofblood\legacyofblood_unity_mobile_portraitframe\Assets\Tests\Editor\BreedingSystemTests.cs:140 
  at (wrapper managed-to-native) System.Reflection.RuntimeMethodInfo.InternalInvoke(System.Reflection.RuntimeMethodInfo,object,object[],System.Exception&)
  at System.Reflection.RuntimeMethodInfo.Invoke (System.Object obj, System.Reflection.BindingFlags invokeAttr, System.Reflection.Binder binder, System.Object[] parameters, System.Globalization.CultureInfo culture) [0x0006a] in <41d29b352f6a475ab1bf7c6628b82790>:0 ]]></stack-trace>
              </failure>
              <output><![CDATA[Đã xử lý xong Game Config: 4 Traits, 0 Skills, 0 BuildingConfigs. 0 Quests.
Tải game thành công từ: C:/Users/NGOCMINHPC/AppData/LocalLow/DefaultCompany/legacyofblood_unity_mobile_portraitframe\legendofblood_save.json
]]></output>
            </test-case>
            <test-case id="1025" name="BreedingSystem_SameGender_ReturnsEmptyList" fullname="LegendOfBlood.Tests.BreedingSystemTests.BreedingSystem_SameGender_ReturnsEmptyList" methodname="BreedingSystem_SameGender_ReturnsEmptyList" classname="LegendOfBlood.Tests.BreedingSystemTests" runstate="Runnable" seed="1379482065" result="Failed" start-time="2026-03-07 14:45:06Z" end-time="2026-03-07 14:45:06Z" duration="0.004111" asserts="0">
              <properties>
                <property name="retryIteration" value="0" />
                <property name="repeatIteration" value="0" />
              </properties>
              <failure>
                <message><![CDATA[Unhandled log message: '[Error] breeding_error_same_gender'. Use UnityEngine.TestTools.LogAssert.Expect]]></message>
                <stack-trace><![CDATA[LegendOfBlood.BreedingSystem:Breed (LegendOfBlood.HeroData,LegendOfBlood.HeroData,LegendOfBlood.BreedingOptions) (at Assets/Scripts/GameSystems/BreedingSystem.cs:26)
LegendOfBlood.Tests.BreedingSystemTests:BreedingSystem_SameGender_ReturnsEmptyList () (at Assets/Tests/Editor/BreedingSystemTests.cs:73)
System.Reflection.MethodBase:Invoke (object,object[])
NUnit.Framework.Internal.Reflect:InvokeMethod (System.Reflection.MethodInfo,object,object[])
NUnit.Framework.Internal.MethodWrapper:Invoke (object,object[])
NUnit.Framework.Internal.Commands.TestMethodCommand:RunNonAsyncTestMethod (NUnit.Framework.Internal.ITestExecutionContext)
NUnit.Framework.Internal.Commands.TestMethodCommand:RunTestMethod (NUnit.Framework.Internal.ITestExecutionContext)
NUnit.Framework.Internal.Commands.TestMethodCommand:Execute (NUnit.Framework.Internal.ITestExecutionContext)
UnityEditor.EditorApplication:Internal_CallUpdateFunctions ()

]]></stack-trace>
              </failure>
              <output><![CDATA[Đã xử lý xong Game Config: 4 Traits, 0 Skills, 0 BuildingConfigs. 0 Quests.
Tải game thành công từ: C:/Users/NGOCMINHPC/AppData/LocalLow/DefaultCompany/legacyofblood_unity_mobile_portraitframe\legendofblood_save.json
breeding_error_same_gender
]]></output>
            </test-case>
            <test-case id="1027" name="BreedingSystem_TwinsTrait_MayReturnTwoChildren" fullname="LegendOfBlood.Tests.BreedingSystemTests.BreedingSystem_TwinsTrait_MayReturnTwoChildren" methodname="BreedingSystem_TwinsTrait_MayReturnTwoChildren" classname="LegendOfBlood.Tests.BreedingSystemTests" runstate="Runnable" seed="1772101558" result="Failed" label="Error" start-time="2026-03-07 14:45:06Z" end-time="2026-03-07 14:45:06Z" duration="0.002511" asserts="0">
              <properties>
                <property name="retryIteration" value="0" />
                <property name="repeatIteration" value="0" />
              </properties>
              <failure>
                <message><![CDATA[System.NullReferenceException : Object reference not set to an instance of an object]]></message>
                <stack-trace><![CDATA[  at LegendOfBlood.HeroData.GetFinalStats () [0x001da] in E:\game\legendofblood\legacyofblood_unity_mobile_portraitframe\Assets\Scripts\DataModels\HeroData.cs:204 
  at LegendOfBlood.BreedingSystem.CreateSingleOffspring (LegendOfBlood.HeroData father, LegendOfBlood.HeroData mother, LegendOfBlood.BreedingOptions options) [0x000fd] in E:\game\legendofblood\legacyofblood_unity_mobile_portraitframe\Assets\Scripts\GameSystems\BreedingSystem.cs:85 
  at LegendOfBlood.BreedingSystem.Breed (LegendOfBlood.HeroData father, LegendOfBlood.HeroData mother, LegendOfBlood.BreedingOptions options) [0x000b3] in E:\game\legendofblood\legacyofblood_unity_mobile_portraitframe\Assets\Scripts\GameSystems\BreedingSystem.cs:53 
  at LegendOfBlood.Tests.BreedingSystemTests.BreedingSystem_TwinsTrait_MayReturnTwoChildren () [0x0003e] in E:\game\legendofblood\legacyofblood_unity_mobile_portraitframe\Assets\Tests\Editor\BreedingSystemTests.cs:103 
  at (wrapper managed-to-native) System.Reflection.RuntimeMethodInfo.InternalInvoke(System.Reflection.RuntimeMethodInfo,object,object[],System.Exception&)
  at System.Reflection.RuntimeMethodInfo.Invoke (System.Object obj, System.Reflection.BindingFlags invokeAttr, System.Reflection.Binder binder, System.Object[] parameters, System.Globalization.CultureInfo culture) [0x0006a] in <41d29b352f6a475ab1bf7c6628b82790>:0 ]]></stack-trace>
              </failure>
              <output><![CDATA[Đã xử lý xong Game Config: 4 Traits, 0 Skills, 0 BuildingConfigs. 0 Quests.
Tải game thành công từ: C:/Users/NGOCMINHPC/AppData/LocalLow/DefaultCompany/legacyofblood_unity_mobile_portraitframe\legendofblood_save.json
]]></output>
            </test-case>
          </test-suite>
          <test-suite type="TestFixture" id="1030" name="BuildingSystemTests" fullname="LegendOfBlood.Tests.BuildingSystemTests" classname="LegendOfBlood.Tests.BuildingSystemTests" runstate="Runnable" testcasecount="2" result="Failed" site="Child" start-time="2026-03-07 14:45:06Z" end-time="2026-03-07 14:45:06Z" duration="0.018551" total="2" passed="1" failed="1" inconclusive="0" skipped="0" asserts="0">
            <properties />
            <failure>
              <message><![CDATA[One or more child tests had errors]]></message>
            </failure>
            <test-case id="1031" name="BuildingSystem_StartUpgrade_DeductsResourcesAndSetsTimer" fullname="LegendOfBlood.Tests.BuildingSystemTests.BuildingSystem_StartUpgrade_DeductsResourcesAndSetsTimer" methodname="BuildingSystem_StartUpgrade_DeductsResourcesAndSetsTimer" classname="LegendOfBlood.Tests.BuildingSystemTests" runstate="Runnable" seed="265449047" result="Failed" label="Error" start-time="2026-03-07 14:45:06Z" end-time="2026-03-07 14:45:06Z" duration="0.007405" asserts="0">
              <properties>
                <property name="retryIteration" value="0" />
                <property name="repeatIteration" value="0" />
              </properties>
              <failure>
                <message><![CDATA[System.NullReferenceException : Object reference not set to an instance of an object]]></message>
                <stack-trace><![CDATA[  at LegendOfBlood.BuildingSystem.CanAfford (System.Collections.Generic.List`1[T] costs) [0x00021] in E:\game\legendofblood\legacyofblood_unity_mobile_portraitframe\Assets\Scripts\GameSystems\BuildingSystem.cs:126 
  at LegendOfBlood.BuildingSystem.StartUpgrade (System.String buildingId) [0x000cd] in E:\game\legendofblood\legacyofblood_unity_mobile_portraitframe\Assets\Scripts\GameSystems\BuildingSystem.cs:47 
  at LegendOfBlood.Tests.BuildingSystemTests.BuildingSystem_StartUpgrade_DeductsResourcesAndSetsTimer () [0x0000d] in E:\game\legendofblood\legacyofblood_unity_mobile_portraitframe\Assets\Tests\Editor\BuildingSystemTests.cs:88 
  at (wrapper managed-to-native) System.Reflection.RuntimeMethodInfo.InternalInvoke(System.Reflection.RuntimeMethodInfo,object,object[],System.Exception&)
  at System.Reflection.RuntimeMethodInfo.Invoke (System.Object obj, System.Reflection.BindingFlags invokeAttr, System.Reflection.Binder binder, System.Object[] parameters, System.Globalization.CultureInfo culture) [0x0006a] in <41d29b352f6a475ab1bf7c6628b82790>:0 ]]></stack-trace>
              </failure>
              <output><![CDATA[Đã xử lý xong Game Config: 0 Traits, 0 Skills, 1 BuildingConfigs. 0 Quests.
Tải game thành công từ: C:/Users/NGOCMINHPC/AppData/LocalLow/DefaultCompany/legacyofblood_unity_mobile_portraitframe\legendofblood_save.json
]]></output>
            </test-case>
            <test-case id="1032" name="BuildingSystem_Tick_CompletesConstructionOverTime" fullname="LegendOfBlood.Tests.BuildingSystemTests.BuildingSystem_Tick_CompletesConstructionOverTime" methodname="BuildingSystem_Tick_CompletesConstructionOverTime" classname="LegendOfBlood.Tests.BuildingSystemTests" runstate="Runnable" seed="1769809790" result="Passed" start-time="2026-03-07 14:45:06Z" end-time="2026-03-07 14:45:06Z" duration="0.004040" asserts="0">
              <properties>
                <property name="retryIteration" value="0" />
                <property name="repeatIteration" value="0" />
              </properties>
              <output><![CDATA[Đã xử lý xong Game Config: 0 Traits, 0 Skills, 1 BuildingConfigs. 0 Quests.
Tải game thành công từ: C:/Users/NGOCMINHPC/AppData/LocalLow/DefaultCompany/legacyofblood_unity_mobile_portraitframe\legendofblood_save.json
<color=green>Upgrade Complete!</color> B_TAVERN has been upgraded to level 2.
]]></output>
            </test-case>
          </test-suite>
          <test-suite type="TestFixture" id="1033" name="CombatSystemTests" fullname="LegendOfBlood.Tests.CombatSystemTests" classname="LegendOfBlood.Tests.CombatSystemTests" runstate="Runnable" testcasecount="2" result="Failed" site="Child" start-time="2026-03-07 14:45:06Z" end-time="2026-03-07 14:45:06Z" duration="0.022715" total="2" passed="1" failed="1" inconclusive="0" skipped="0" asserts="0">
            <properties />
            <failure>
              <message><![CDATA[One or more child tests had errors]]></message>
            </failure>
            <test-case id="1034" name="CombatSystem_Simulate_ReturnsValidResult" fullname="LegendOfBlood.Tests.CombatSystemTests.CombatSystem_Simulate_ReturnsValidResult" methodname="CombatSystem_Simulate_ReturnsValidResult" classname="LegendOfBlood.Tests.CombatSystemTests" runstate="Runnable" seed="1023425259" result="Failed" start-time="2026-03-07 14:45:06Z" end-time="2026-03-07 14:45:06Z" duration="0.013243" asserts="0">
              <properties>
                <property name="retryIteration" value="0" />
                <property name="repeatIteration" value="0" />
              </properties>
              <failure>
                <message><![CDATA[  Player should win inherently because of massive stat difference.
  Expected: True
  But was:  False
]]></message>
                <stack-trace><![CDATA[at LegendOfBlood.Tests.CombatSystemTests.CombatSystem_Simulate_ReturnsValidResult () [0x000d4] in E:\game\legendofblood\legacyofblood_unity_mobile_portraitframe\Assets\Tests\Editor\CombatSystemTests.cs:86
]]></stack-trace>
              </failure>
              <output><![CDATA[Đã xử lý xong Game Config: 0 Traits, 2 Skills, 0 BuildingConfigs. 0 Quests.
Tải game thành công từ: C:/Users/NGOCMINHPC/AppData/LocalLow/DefaultCompany/legacyofblood_unity_mobile_portraitframe\legendofblood_save.json
]]></output>
            </test-case>
            <test-case id="1035" name="CombatSystem_Simulate_UpdatesHeroHP" fullname="LegendOfBlood.Tests.CombatSystemTests.CombatSystem_Simulate_UpdatesHeroHP" methodname="CombatSystem_Simulate_UpdatesHeroHP" classname="LegendOfBlood.Tests.CombatSystemTests" runstate="Runnable" seed="598410507" result="Passed" start-time="2026-03-07 14:45:06Z" end-time="2026-03-07 14:45:06Z" duration="0.002645" asserts="0">
              <properties>
                <property name="retryIteration" value="0" />
                <property name="repeatIteration" value="0" />
              </properties>
              <output><![CDATA[Đã xử lý xong Game Config: 0 Traits, 2 Skills, 0 BuildingConfigs. 0 Quests.
Tải game thành công từ: C:/Users/NGOCMINHPC/AppData/LocalLow/DefaultCompany/legacyofblood_unity_mobile_portraitframe\legendofblood_save.json
]]></output>
            </test-case>
          </test-suite>
          <test-suite type="TestFixture" id="1036" name="CoreUnitDataTests" fullname="LegendOfBlood.Tests.CoreUnitDataTests" classname="LegendOfBlood.Tests.CoreUnitDataTests" runstate="Runnable" testcasecount="2" result="Failed" site="Child" start-time="2026-03-07 14:45:06Z" end-time="2026-03-07 14:45:06Z" duration="0.012861" total="2" passed="1" failed="1" inconclusive="0" skipped="0" asserts="0">
            <properties />
            <failure>
              <message><![CDATA[One or more child tests had errors]]></message>
            </failure>
            <test-case id="1037" name="HeroData_CalculateStats_ScalesWithLevelAndPotential" fullname="LegendOfBlood.Tests.CoreUnitDataTests.HeroData_CalculateStats_ScalesWithLevelAndPotential" methodname="HeroData_CalculateStats_ScalesWithLevelAndPotential" classname="LegendOfBlood.Tests.CoreUnitDataTests" runstate="Runnable" seed="847979995" result="Failed" start-time="2026-03-07 14:45:06Z" end-time="2026-03-07 14:45:06Z" duration="0.003131" asserts="0">
              <properties>
                <property name="retryIteration" value="0" />
                <property name="repeatIteration" value="0" />
              </properties>
              <failure>
                <message><![CDATA[  Higher potential should yield higher HP at same level.
  Expected: True
  But was:  False
]]></message>
                <stack-trace><![CDATA[at LegendOfBlood.Tests.CoreUnitDataTests.HeroData_CalculateStats_ScalesWithLevelAndPotential () [0x00040] in E:\game\legendofblood\legacyofblood_unity_mobile_portraitframe\Assets\Tests\Editor\CoreUnitDataTests.cs:52
]]></stack-trace>
              </failure>
              <output><![CDATA[Đã xử lý xong Game Config: 0 Traits, 0 Skills, 0 BuildingConfigs. 0 Quests.
Tải game thành công từ: C:/Users/NGOCMINHPC/AppData/LocalLow/DefaultCompany/legacyofblood_unity_mobile_portraitframe\legendofblood_save.json
]]></output>
            </test-case>
            <test-case id="1038" name="HeroData_GetFinalStats_CombinesBaseAndAddedStats" fullname="LegendOfBlood.Tests.CoreUnitDataTests.HeroData_GetFinalStats_CombinesBaseAndAddedStats" methodname="HeroData_GetFinalStats_CombinesBaseAndAddedStats" classname="LegendOfBlood.Tests.CoreUnitDataTests" runstate="Runnable" seed="924635383" result="Passed" start-time="2026-03-07 14:45:06Z" end-time="2026-03-07 14:45:06Z" duration="0.003040" asserts="0">
              <properties>
                <property name="retryIteration" value="0" />
                <property name="repeatIteration" value="0" />
              </properties>
              <output><![CDATA[Đã xử lý xong Game Config: 0 Traits, 0 Skills, 0 BuildingConfigs. 0 Quests.
Tải game thành công từ: C:/Users/NGOCMINHPC/AppData/LocalLow/DefaultCompany/legacyofblood_unity_mobile_portraitframe\legendofblood_save.json
]]></output>
            </test-case>
          </test-suite>
          <test-suite type="TestFixture" id="1039" name="DataManagerTests" fullname="LegendOfBlood.Tests.DataManagerTests" classname="LegendOfBlood.Tests.DataManagerTests" runstate="Runnable" testcasecount="2" result="Passed" start-time="2026-03-07 14:45:06Z" end-time="2026-03-07 14:45:06Z" duration="0.014378" total="2" passed="2" failed="0" inconclusive="0" skipped="0" asserts="0">
            <properties />
            <test-case id="1041" name="DataManager_ModifyPlayerData_ThenSaveAndLoad_DataIsPreserved" fullname="LegendOfBlood.Tests.DataManagerTests.DataManager_ModifyPlayerData_ThenSaveAndLoad_DataIsPreserved" methodname="DataManager_ModifyPlayerData_ThenSaveAndLoad_DataIsPreserved" classname="LegendOfBlood.Tests.DataManagerTests" runstate="Runnable" seed="943185912" result="Passed" start-time="2026-03-07 14:45:06Z" end-time="2026-03-07 14:45:06Z" duration="0.005141" asserts="0">
              <properties>
                <property name="retryIteration" value="0" />
                <property name="repeatIteration" value="0" />
              </properties>
              <output><![CDATA[Đã xử lý xong Game Config: 0 Traits, 0 Skills, 0 BuildingConfigs. 0 Quests.
Tải game thành công từ: C:/Users/NGOCMINHPC/AppData/LocalLow/DefaultCompany/legacyofblood_unity_mobile_portraitframe\legendofblood_save.json
]]></output>
            </test-case>
            <test-case id="1040" name="DataManager_NewPlayer_HasDefaultValues" fullname="LegendOfBlood.Tests.DataManagerTests.DataManager_NewPlayer_HasDefaultValues" methodname="DataManager_NewPlayer_HasDefaultValues" classname="LegendOfBlood.Tests.DataManagerTests" runstate="Runnable" seed="2057330780" result="Passed" start-time="2026-03-07 14:45:06Z" end-time="2026-03-07 14:45:06Z" duration="0.002522" asserts="0">
              <properties>
                <property name="retryIteration" value="0" />
                <property name="repeatIteration" value="0" />
              </properties>
              <output><![CDATA[Đã xử lý xong Game Config: 0 Traits, 0 Skills, 0 BuildingConfigs. 0 Quests.
Tải game thành công từ: C:/Users/NGOCMINHPC/AppData/LocalLow/DefaultCompany/legacyofblood_unity_mobile_portraitframe\legendofblood_save.json
]]></output>
            </test-case>
          </test-suite>
          <test-suite type="TestFixture" id="1042" name="EvolutionSystemTests" fullname="LegendOfBlood.Tests.EvolutionSystemTests" classname="LegendOfBlood.Tests.EvolutionSystemTests" runstate="Runnable" testcasecount="2" result="Failed" site="Child" start-time="2026-03-07 14:45:06Z" end-time="2026-03-07 14:45:06Z" duration="0.015205" total="2" passed="0" failed="2" inconclusive="0" skipped="0" asserts="0">
            <properties />
            <failure>
              <message><![CDATA[One or more child tests had errors]]></message>
            </failure>
            <test-case id="1043" name="EvolutionSystem_Level20_GrantsNewTrait" fullname="LegendOfBlood.Tests.EvolutionSystemTests.EvolutionSystem_Level20_GrantsNewTrait" methodname="EvolutionSystem_Level20_GrantsNewTrait" classname="LegendOfBlood.Tests.EvolutionSystemTests" runstate="Runnable" seed="1583841949" result="Failed" start-time="2026-03-07 14:45:06Z" end-time="2026-03-07 14:45:06Z" duration="0.004805" asserts="0">
              <properties>
                <property name="retryIteration" value="0" />
                <property name="repeatIteration" value="0" />
              </properties>
              <failure>
                <message><![CDATA[  Hero should have gained a new trait at level 20 evolution milestone.
  Expected: True
  But was:  False
]]></message>
                <stack-trace><![CDATA[at LegendOfBlood.Tests.EvolutionSystemTests.EvolutionSystem_Level20_GrantsNewTrait () [0x00051] in E:\game\legendofblood\legacyofblood_unity_mobile_portraitframe\Assets\Tests\Editor\EvolutionSystemTests.cs:88
]]></stack-trace>
              </failure>
              <output><![CDATA[EvolutionSystem Initialized and Subscribed to Level Up event.
Đã xử lý xong Game Config: 2 Traits, 0 Skills, 0 BuildingConfigs. 0 Quests.
Tải game thành công từ: C:/Users/NGOCMINHPC/AppData/LocalLow/DefaultCompany/legacyofblood_unity_mobile_portraitframe\legendofblood_save.json
EvoTest leveled up to 20!
]]></output>
            </test-case>
            <test-case id="1044" name="EvolutionSystem_Level80_GrantsNewTrait" fullname="LegendOfBlood.Tests.EvolutionSystemTests.EvolutionSystem_Level80_GrantsNewTrait" methodname="EvolutionSystem_Level80_GrantsNewTrait" classname="LegendOfBlood.Tests.EvolutionSystemTests" runstate="Runnable" seed="1185513390" result="Failed" start-time="2026-03-07 14:45:06Z" end-time="2026-03-07 14:45:06Z" duration="0.003560" asserts="0">
              <properties>
                <property name="retryIteration" value="0" />
                <property name="repeatIteration" value="0" />
              </properties>
              <failure>
                <message><![CDATA[  Hero should have gained a new trait at level 80 evolution milestone.
  Expected: True
  But was:  False
]]></message>
                <stack-trace><![CDATA[at LegendOfBlood.Tests.EvolutionSystemTests.EvolutionSystem_Level80_GrantsNewTrait () [0x00051] in E:\game\legendofblood\legacyofblood_unity_mobile_portraitframe\Assets\Tests\Editor\EvolutionSystemTests.cs:100
]]></stack-trace>
              </failure>
              <output><![CDATA[EvolutionSystem Initialized and Subscribed to Level Up event.
Đã xử lý xong Game Config: 2 Traits, 0 Skills, 0 BuildingConfigs. 0 Quests.
Tải game thành công từ: C:/Users/NGOCMINHPC/AppData/LocalLow/DefaultCompany/legacyofblood_unity_mobile_portraitframe\legendofblood_save.json
EvoTest80 leveled up to 80!
]]></output>
            </test-case>
          </test-suite>
          <test-suite type="TestFixture" id="1045" name="ExpeditionManagerTests" fullname="LegendOfBlood.Tests.ExpeditionManagerTests" classname="LegendOfBlood.Tests.ExpeditionManagerTests" runstate="Runnable" testcasecount="2" result="Failed" site="Child" start-time="2026-03-07 14:45:06Z" end-time="2026-03-07 14:45:06Z" duration="0.019799" total="2" passed="0" failed="2" inconclusive="0" skipped="0" asserts="0">
            <properties />
            <failure>
              <message><![CDATA[One or more child tests had errors]]></message>
            </failure>
            <test-case id="1046" name="ExpeditionManager_StartExpedition_AddsActiveExpedition" fullname="LegendOfBlood.Tests.ExpeditionManagerTests.ExpeditionManager_StartExpedition_AddsActiveExpedition" methodname="ExpeditionManager_StartExpedition_AddsActiveExpedition" classname="LegendOfBlood.Tests.ExpeditionManagerTests" runstate="Runnable" seed="1046992837" result="Failed" start-time="2026-03-07 14:45:06Z" end-time="2026-03-07 14:45:06Z" duration="0.007007" asserts="0">
              <properties>
                <property name="retryIteration" value="0" />
                <property name="repeatIteration" value="0" />
              </properties>
              <failure>
                <message><![CDATA[  An active expedition should be added to PlayerData.
  Expected: 1
  But was:  0
]]></message>
                <stack-trace><![CDATA[at LegendOfBlood.Tests.ExpeditionManagerTests.ExpeditionManager_StartExpedition_AddsActiveExpedition () [0x00090] in E:\game\legendofblood\legacyofblood_unity_mobile_portraitframe\Assets\Tests\Editor\ExpeditionManagerTests.cs:97
]]></stack-trace>
              </failure>
              <output><![CDATA[Đã xử lý xong Game Config: 0 Traits, 0 Skills, 0 BuildingConfigs. 0 Quests.
Tải game thành công từ: C:/Users/NGOCMINHPC/AppData/LocalLow/DefaultCompany/legacyofblood_unity_mobile_portraitframe\legendofblood_save.json
Added hero Explorer. Total heroes: 1/10
]]></output>
            </test-case>
            <test-case id="1047" name="ExpeditionManager_Tick_CompletesExpeditionAndDeliversReport" fullname="LegendOfBlood.Tests.ExpeditionManagerTests.ExpeditionManager_Tick_CompletesExpeditionAndDeliversReport" methodname="ExpeditionManager_Tick_CompletesExpeditionAndDeliversReport" classname="LegendOfBlood.Tests.ExpeditionManagerTests" runstate="Runnable" seed="1427885708" result="Failed" label="Error" start-time="2026-03-07 14:45:06Z" end-time="2026-03-07 14:45:06Z" duration="0.004110" asserts="0">
              <properties>
                <property name="retryIteration" value="0" />
                <property name="repeatIteration" value="0" />
              </properties>
              <failure>
                <message><![CDATA[System.ArgumentOutOfRangeException : Index was out of range. Must be non-negative and less than the size of the collection.
Parameter name: index]]></message>
                <stack-trace><![CDATA[  at System.Collections.Generic.List`1[T].get_Item (System.Int32 index) [0x00009] in <41d29b352f6a475ab1bf7c6628b82790>:0 
  at LegendOfBlood.Tests.ExpeditionManagerTests.ExpeditionManager_Tick_CompletesExpeditionAndDeliversReport () [0x0005d] in E:\game\legendofblood\legacyofblood_unity_mobile_portraitframe\Assets\Tests\Editor\ExpeditionManagerTests.cs:112 
  at (wrapper managed-to-native) System.Reflection.RuntimeMethodInfo.InternalInvoke(System.Reflection.RuntimeMethodInfo,object,object[],System.Exception&)
  at System.Reflection.RuntimeMethodInfo.Invoke (System.Object obj, System.Reflection.BindingFlags invokeAttr, System.Reflection.Binder binder, System.Object[] parameters, System.Globalization.CultureInfo culture) [0x0006a] in <41d29b352f6a475ab1bf7c6628b82790>:0 ]]></stack-trace>
              </failure>
              <output><![CDATA[Đã xử lý xong Game Config: 0 Traits, 0 Skills, 0 BuildingConfigs. 0 Quests.
Tải game thành công từ: C:/Users/NGOCMINHPC/AppData/LocalLow/DefaultCompany/legacyofblood_unity_mobile_portraitframe\legendofblood_save.json
Added hero Explorer2. Total heroes: 1/10
]]></output>
            </test-case>
          </test-suite>
          <test-suite type="TestFixture" id="1048" name="HospitalSystemTests" fullname="LegendOfBlood.Tests.HospitalSystemTests" classname="LegendOfBlood.Tests.HospitalSystemTests" runstate="Runnable" testcasecount="3" result="Failed" site="Child" start-time="2026-03-07 14:45:06Z" end-time="2026-03-07 14:45:06Z" duration="0.022760" total="3" passed="1" failed="2" inconclusive="0" skipped="0" asserts="0">
            <properties />
            <failure>
              <message><![CDATA[One or more child tests had errors]]></message>
            </failure>
            <test-case id="1049" name="HospitalSystem_AdmitHero_SetsSevereInjury" fullname="LegendOfBlood.Tests.HospitalSystemTests.HospitalSystem_AdmitHero_SetsSevereInjury" methodname="HospitalSystem_AdmitHero_SetsSevereInjury" classname="LegendOfBlood.Tests.HospitalSystemTests" runstate="Runnable" seed="987801137" result="Passed" start-time="2026-03-07 14:45:06Z" end-time="2026-03-07 14:45:06Z" duration="0.004968" asserts="0">
              <properties>
                <property name="retryIteration" value="0" />
                <property name="repeatIteration" value="0" />
              </properties>
              <output><![CDATA[Đã xử lý xong Game Config: 0 Traits, 0 Skills, 0 BuildingConfigs. 0 Quests.
Tải game thành công từ: C:/Users/NGOCMINHPC/AppData/LocalLow/DefaultCompany/legacyofblood_unity_mobile_portraitframe\legendofblood_save.json
Added hero Test. Total heroes: 1/10
Test bị thương nặng! Sẽ biến mất vĩnh viễn sau 8 giờ nếu không được cứu chữa.
]]></output>
            </test-case>
            <test-case id="1050" name="HospitalSystem_HealLightInjuryInstantly_SpendsGold" fullname="LegendOfBlood.Tests.HospitalSystemTests.HospitalSystem_HealLightInjuryInstantly_SpendsGold" methodname="HospitalSystem_HealLightInjuryInstantly_SpendsGold" classname="LegendOfBlood.Tests.HospitalSystemTests" runstate="Runnable" seed="644003521" result="Failed" label="Error" start-time="2026-03-07 14:45:06Z" end-time="2026-03-07 14:45:06Z" duration="0.004136" asserts="0">
              <properties>
                <property name="retryIteration" value="0" />
                <property name="repeatIteration" value="0" />
              </properties>
              <failure>
                <message><![CDATA[System.NullReferenceException : Object reference not set to an instance of an object]]></message>
                <stack-trace><![CDATA[  at LegendOfBlood.HospitalSystem.HealLightInjuryInstantly (LegendOfBlood.HeroData hero) [0x00008] in E:\game\legendofblood\legacyofblood_unity_mobile_portraitframe\Assets\Scripts\GameSystems\HospitalSystem.cs:66 
  at LegendOfBlood.Tests.HospitalSystemTests.HospitalSystem_HealLightInjuryInstantly_SpendsGold () [0x0003a] in E:\game\legendofblood\legacyofblood_unity_mobile_portraitframe\Assets\Tests\Editor\HospitalSystemTests.cs:93 
  at (wrapper managed-to-native) System.Reflection.RuntimeMethodInfo.InternalInvoke(System.Reflection.RuntimeMethodInfo,object,object[],System.Exception&)
  at System.Reflection.RuntimeMethodInfo.Invoke (System.Object obj, System.Reflection.BindingFlags invokeAttr, System.Reflection.Binder binder, System.Object[] parameters, System.Globalization.CultureInfo culture) [0x0006a] in <41d29b352f6a475ab1bf7c6628b82790>:0 ]]></stack-trace>
              </failure>
              <output><![CDATA[Đã xử lý xong Game Config: 0 Traits, 0 Skills, 0 BuildingConfigs. 0 Quests.
Tải game thành công từ: C:/Users/NGOCMINHPC/AppData/LocalLow/DefaultCompany/legacyofblood_unity_mobile_portraitframe\legendofblood_save.json
Test bị thương nhẹ. Cần 300s để hồi phục.
]]></output>
            </test-case>
            <test-case id="1051" name="HospitalSystem_SevereInjuryTimeout_HeroPerishes" fullname="LegendOfBlood.Tests.HospitalSystemTests.HospitalSystem_SevereInjuryTimeout_HeroPerishes" methodname="HospitalSystem_SevereInjuryTimeout_HeroPerishes" classname="LegendOfBlood.Tests.HospitalSystemTests" runstate="Runnable" seed="1049296690" result="Failed" start-time="2026-03-07 14:45:06Z" end-time="2026-03-07 14:45:06Z" duration="0.006111" asserts="0">
              <properties>
                <property name="retryIteration" value="0" />
                <property name="repeatIteration" value="0" />
              </properties>
              <failure>
                <message><![CDATA[Unhandled log message: '[Error] Doomed đã không được cứu chữa kịp thời và biến mất vĩnh viễn!'. Use UnityEngine.TestTools.LogAssert.Expect]]></message>
                <stack-trace><![CDATA[LegendOfBlood.HospitalSystem:Tick (single) (at Assets/Scripts/GameSystems/HospitalSystem.cs:146)
LegendOfBlood.Tests.HospitalSystemTests:HospitalSystem_SevereInjuryTimeout_HeroPerishes () (at Assets/Tests/Editor/HospitalSystemTests.cs:111)
System.Reflection.MethodBase:Invoke (object,object[])
NUnit.Framework.Internal.Reflect:InvokeMethod (System.Reflection.MethodInfo,object,object[])
NUnit.Framework.Internal.MethodWrapper:Invoke (object,object[])
NUnit.Framework.Internal.Commands.TestMethodCommand:RunNonAsyncTestMethod (NUnit.Framework.Internal.ITestExecutionContext)
NUnit.Framework.Internal.Commands.TestMethodCommand:RunTestMethod (NUnit.Framework.Internal.ITestExecutionContext)
NUnit.Framework.Internal.Commands.TestMethodCommand:Execute (NUnit.Framework.Internal.ITestExecutionContext)
UnityEditor.EditorApplication:Internal_CallUpdateFunctions ()

]]></stack-trace>
              </failure>
              <output><![CDATA[Đã xử lý xong Game Config: 0 Traits, 0 Skills, 0 BuildingConfigs. 0 Quests.
Tải game thành công từ: C:/Users/NGOCMINHPC/AppData/LocalLow/DefaultCompany/legacyofblood_unity_mobile_portraitframe\legendofblood_save.json
Added hero Doomed. Total heroes: 1/10
Doomed bị thương nặng! Sẽ biến mất vĩnh viễn sau 8 giờ nếu không được cứu chữa.
Doomed đã không được cứu chữa kịp thời và biến mất vĩnh viễn!
]]></output>
            </test-case>
          </test-suite>
          <test-suite type="TestFixture" id="1052" name="InventoryManagerTests" fullname="LegendOfBlood.Tests.InventoryManagerTests" classname="LegendOfBlood.Tests.InventoryManagerTests" runstate="Runnable" testcasecount="4" result="Failed" site="Child" start-time="2026-03-07 14:45:06Z" end-time="2026-03-07 14:45:06Z" duration="0.019388" total="4" passed="2" failed="2" inconclusive="0" skipped="0" asserts="0">
            <properties />
            <failure>
              <message><![CDATA[One or more child tests had errors]]></message>
            </failure>
            <test-case id="1053" name="InventoryManager_AddResource_IncreasesAmount" fullname="LegendOfBlood.Tests.InventoryManagerTests.InventoryManager_AddResource_IncreasesAmount" methodname="InventoryManager_AddResource_IncreasesAmount" classname="LegendOfBlood.Tests.InventoryManagerTests" runstate="Runnable" seed="2069144475" result="Failed" start-time="2026-03-07 14:45:06Z" end-time="2026-03-07 14:45:06Z" duration="0.003369" asserts="0">
              <properties>
                <property name="retryIteration" value="0" />
                <property name="repeatIteration" value="0" />
              </properties>
              <failure>
                <message><![CDATA[  Gold should increase by 100.
  Expected: 100
  But was:  0
]]></message>
                <stack-trace><![CDATA[at LegendOfBlood.Tests.InventoryManagerTests.InventoryManager_AddResource_IncreasesAmount () [0x0001a] in E:\game\legendofblood\legacyofblood_unity_mobile_portraitframe\Assets\Tests\Editor\InventoryManagerTests.cs:78
]]></stack-trace>
              </failure>
              <output><![CDATA[Đã xử lý xong Game Config: 0 Traits, 0 Skills, 0 BuildingConfigs. 0 Quests.
Tải game thành công từ: C:/Users/NGOCMINHPC/AppData/LocalLow/DefaultCompany/legacyofblood_unity_mobile_portraitframe\legendofblood_save.json
]]></output>
            </test-case>
            <test-case id="1054" name="InventoryManager_ConsumeResource_DecreasesAmountIfSufficient" fullname="LegendOfBlood.Tests.InventoryManagerTests.InventoryManager_ConsumeResource_DecreasesAmountIfSufficient" methodname="InventoryManager_ConsumeResource_DecreasesAmountIfSufficient" classname="LegendOfBlood.Tests.InventoryManagerTests" runstate="Runnable" seed="147307770" result="Failed" start-time="2026-03-07 14:45:06Z" end-time="2026-03-07 14:45:06Z" duration="0.003000" asserts="0">
              <properties>
                <property name="retryIteration" value="0" />
                <property name="repeatIteration" value="0" />
              </properties>
              <failure>
                <message><![CDATA[  Consuming resource should succeed when sufficient.
  Expected: True
  But was:  False
]]></message>
                <stack-trace><![CDATA[at LegendOfBlood.Tests.InventoryManagerTests.InventoryManager_ConsumeResource_DecreasesAmountIfSufficient () [0x00028] in E:\game\legendofblood\legacyofblood_unity_mobile_portraitframe\Assets\Tests\Editor\InventoryManagerTests.cs:92
]]></stack-trace>
              </failure>
              <output><![CDATA[Đã xử lý xong Game Config: 0 Traits, 0 Skills, 0 BuildingConfigs. 0 Quests.
Tải game thành công từ: C:/Users/NGOCMINHPC/AppData/LocalLow/DefaultCompany/legacyofblood_unity_mobile_portraitframe\legendofblood_save.json
]]></output>
            </test-case>
            <test-case id="1055" name="InventoryManager_ConsumeResource_FailsIfInsufficient" fullname="LegendOfBlood.Tests.InventoryManagerTests.InventoryManager_ConsumeResource_FailsIfInsufficient" methodname="InventoryManager_ConsumeResource_FailsIfInsufficient" classname="LegendOfBlood.Tests.InventoryManagerTests" runstate="Runnable" seed="1127396826" result="Passed" start-time="2026-03-07 14:45:06Z" end-time="2026-03-07 14:45:06Z" duration="0.002351" asserts="0">
              <properties>
                <property name="retryIteration" value="0" />
                <property name="repeatIteration" value="0" />
              </properties>
              <output><![CDATA[Đã xử lý xong Game Config: 0 Traits, 0 Skills, 0 BuildingConfigs. 0 Quests.
Tải game thành công từ: C:/Users/NGOCMINHPC/AppData/LocalLow/DefaultCompany/legacyofblood_unity_mobile_portraitframe\legendofblood_save.json
]]></output>
            </test-case>
            <test-case id="1056" name="InventoryManager_NegativeAddition_HandledGracefully" fullname="LegendOfBlood.Tests.InventoryManagerTests.InventoryManager_NegativeAddition_HandledGracefully" methodname="InventoryManager_NegativeAddition_HandledGracefully" classname="LegendOfBlood.Tests.InventoryManagerTests" runstate="Runnable" seed="439005269" result="Passed" start-time="2026-03-07 14:45:06Z" end-time="2026-03-07 14:45:06Z" duration="0.002099" asserts="0">
              <properties>
                <property name="retryIteration" value="0" />
                <property name="repeatIteration" value="0" />
              </properties>
              <output><![CDATA[Đã xử lý xong Game Config: 0 Traits, 0 Skills, 0 BuildingConfigs. 0 Quests.
Tải game thành công từ: C:/Users/NGOCMINHPC/AppData/LocalLow/DefaultCompany/legacyofblood_unity_mobile_portraitframe\legendofblood_save.json
]]></output>
            </test-case>
          </test-suite>
          <test-suite type="TestFixture" id="1057" name="MaturationSystemTests" fullname="LegendOfBlood.Tests.MaturationSystemTests" classname="LegendOfBlood.Tests.MaturationSystemTests" runstate="Runnable" testcasecount="2" result="Failed" site="Child" start-time="2026-03-07 14:45:06Z" end-time="2026-03-07 14:45:06Z" duration="0.021686" total="2" passed="1" failed="1" inconclusive="0" skipped="0" asserts="0">
            <properties />
            <failure>
              <message><![CDATA[One or more child tests had errors]]></message>
            </failure>
            <test-case id="1059" name="MaturationSystem_Tick_IgnoresFutureMaturations" fullname="LegendOfBlood.Tests.MaturationSystemTests.MaturationSystem_Tick_IgnoresFutureMaturations" methodname="MaturationSystem_Tick_IgnoresFutureMaturations" classname="LegendOfBlood.Tests.MaturationSystemTests" runstate="Runnable" seed="1148691762" result="Passed" start-time="2026-03-07 14:45:06Z" end-time="2026-03-07 14:45:06Z" duration="0.005531" asserts="0">
              <properties>
                <property name="retryIteration" value="0" />
                <property name="repeatIteration" value="0" />
              </properties>
              <output><![CDATA[Đã xử lý xong Game Config: 0 Traits, 0 Skills, 0 BuildingConfigs. 0 Quests.
Tải game thành công từ: C:/Users/NGOCMINHPC/AppData/LocalLow/DefaultCompany/legacyofblood_unity_mobile_portraitframe\legendofblood_save.json
Added hero Future. Total heroes: 1/10
]]></output>
            </test-case>
            <test-case id="1058" name="MaturationSystem_Tick_MaturesInfantsOverTime" fullname="LegendOfBlood.Tests.MaturationSystemTests.MaturationSystem_Tick_MaturesInfantsOverTime" methodname="MaturationSystem_Tick_MaturesInfantsOverTime" classname="LegendOfBlood.Tests.MaturationSystemTests" runstate="Runnable" seed="1946917733" result="Failed" start-time="2026-03-07 14:45:06Z" end-time="2026-03-07 14:45:06Z" duration="0.005748" asserts="0">
              <properties>
                <property name="retryIteration" value="0" />
                <property name="repeatIteration" value="0" />
              </properties>
              <failure>
                <message><![CDATA[  Hero should have learned a starting skill related to their new profession.
  Expected: True
  But was:  False
]]></message>
                <stack-trace><![CDATA[at LegendOfBlood.Tests.MaturationSystemTests.MaturationSystem_Tick_MaturesInfantsOverTime () [0x0008a] in E:\game\legendofblood\legacyofblood_unity_mobile_portraitframe\Assets\Tests\Editor\MaturationSystemTests.cs:76
]]></stack-trace>
              </failure>
              <output><![CDATA[Đã xử lý xong Game Config: 0 Traits, 0 Skills, 0 BuildingConfigs. 0 Quests.
Tải game thành công từ: C:/Users/NGOCMINHPC/AppData/LocalLow/DefaultCompany/legacyofblood_unity_mobile_portraitframe\legendofblood_save.json
Added hero Tiny. Total heroes: 1/10
Hero Tiny (ID: BABY_1) đã trưởng thành! Thức tỉnh thành nghề: Archer.
]]></output>
            </test-case>
          </test-suite>
          <test-suite type="TestFixture" id="1060" name="QuestManagerTests" fullname="LegendOfBlood.Tests.QuestManagerTests" classname="LegendOfBlood.Tests.QuestManagerTests" runstate="Runnable" testcasecount="2" result="Failed" site="Child" start-time="2026-03-07 14:45:06Z" end-time="2026-03-07 14:45:06Z" duration="0.021440" total="2" passed="1" failed="1" inconclusive="0" skipped="0" asserts="0">
            <properties />
            <failure>
              <message><![CDATA[One or more child tests had errors]]></message>
            </failure>
            <test-case id="1061" name="QuestManager_ActivateQuest_SetsStateActive" fullname="LegendOfBlood.Tests.QuestManagerTests.QuestManager_ActivateQuest_SetsStateActive" methodname="QuestManager_ActivateQuest_SetsStateActive" classname="LegendOfBlood.Tests.QuestManagerTests" runstate="Runnable" seed="453472570" result="Passed" start-time="2026-03-07 14:45:06Z" end-time="2026-03-07 14:45:06Z" duration="0.008602" asserts="0">
              <properties>
                <property name="retryIteration" value="0" />
                <property name="repeatIteration" value="0" />
              </properties>
              <output><![CDATA[LegendOfBlood.GameConfigs.QuestData must be instantiated using the ScriptableObject.CreateInstance method instead of new QuestData.
Đã xử lý xong Game Config: 0 Traits, 0 Skills, 0 BuildingConfigs. 1 Quests.
Tải game thành công từ: C:/Users/NGOCMINHPC/AppData/LocalLow/DefaultCompany/legacyofblood_unity_mobile_portraitframe\legendofblood_save.json
Daily Quests Reset!
QuestManager initialized. 1 active player quests.
]]></output>
            </test-case>
            <test-case id="1062" name="QuestManager_EventTriggers_CompletesQuestUponReachingTarget" fullname="LegendOfBlood.Tests.QuestManagerTests.QuestManager_EventTriggers_CompletesQuestUponReachingTarget" methodname="QuestManager_EventTriggers_CompletesQuestUponReachingTarget" classname="LegendOfBlood.Tests.QuestManagerTests" runstate="Runnable" seed="679407438" result="Failed" label="Error" start-time="2026-03-07 14:45:06Z" end-time="2026-03-07 14:45:06Z" duration="0.005271" asserts="0">
              <properties>
                <property name="retryIteration" value="0" />
                <property name="repeatIteration" value="0" />
              </properties>
              <failure>
                <message><![CDATA[System.Reflection.TargetInvocationException : Exception has been thrown by the target of an invocation.
  ----> System.NullReferenceException : Object reference not set to an instance of an object]]></message>
                <stack-trace><![CDATA[  at System.Reflection.RuntimeMethodInfo.Invoke (System.Object obj, System.Reflection.BindingFlags invokeAttr, System.Reflection.Binder binder, System.Object[] parameters, System.Globalization.CultureInfo culture) [0x00083] in <41d29b352f6a475ab1bf7c6628b82790>:0 
  at System.Reflection.MethodBase.Invoke (System.Object obj, System.Object[] parameters) [0x00000] in <41d29b352f6a475ab1bf7c6628b82790>:0 
  at LegendOfBlood.Tests.QuestManagerTests.QuestManager_EventTriggers_CompletesQuestUponReachingTarget () [0x0002e] in E:\game\legendofblood\legacyofblood_unity_mobile_portraitframe\Assets\Tests\Editor\QuestManagerTests.cs:95 
  at (wrapper managed-to-native) System.Reflection.RuntimeMethodInfo.InternalInvoke(System.Reflection.RuntimeMethodInfo,object,object[],System.Exception&)
  at System.Reflection.RuntimeMethodInfo.Invoke (System.Object obj, System.Reflection.BindingFlags invokeAttr, System.Reflection.Binder binder, System.Object[] parameters, System.Globalization.CultureInfo culture) [0x0006a] in <41d29b352f6a475ab1bf7c6628b82790>:0 
--NullReferenceException
  at LegendOfBlood.Managers.QuestManager.SetQuestState (System.String questId, LegendOfBlood.Managers.QuestState newState) [0x00069] in E:\game\legendofblood\legacyofblood_unity_mobile_portraitframe\Assets\Scripts\Managers\QuestManager.cs:180 
  at LegendOfBlood.Managers.QuestManager.HandleBuildingUpgraded (LegendOfBlood.Building building) [0x00063] in E:\game\legendofblood\legacyofblood_unity_mobile_portraitframe\Assets\Scripts\Managers\QuestManager.cs:166 
  at (wrapper managed-to-native) System.Reflection.RuntimeMethodInfo.InternalInvoke(System.Reflection.RuntimeMethodInfo,object,object[],System.Exception&)
  at System.Reflection.RuntimeMethodInfo.Invoke (System.Object obj, System.Reflection.BindingFlags invokeAttr, System.Reflection.Binder binder, System.Object[] parameters, System.Globalization.CultureInfo culture) [0x0006a] in <41d29b352f6a475ab1bf7c6628b82790>:0 ]]></stack-trace>
              </failure>
              <output><![CDATA[LegendOfBlood.GameConfigs.QuestData must be instantiated using the ScriptableObject.CreateInstance method instead of new QuestData.
Đã xử lý xong Game Config: 0 Traits, 0 Skills, 0 BuildingConfigs. 1 Quests.
Tải game thành công từ: C:/Users/NGOCMINHPC/AppData/LocalLow/DefaultCompany/legacyofblood_unity_mobile_portraitframe\legendofblood_save.json
Daily Quests Reset!
QuestManager initialized. 1 active player quests.
Quest Completed: 
]]></output>
            </test-case>
          </test-suite>
          <test-suite type="TestFixture" id="1063" name="RecruitmentSystemTests" fullname="LegendOfBlood.Tests.RecruitmentSystemTests" classname="LegendOfBlood.Tests.RecruitmentSystemTests" runstate="Runnable" testcasecount="3" result="Failed" site="Child" start-time="2026-03-07 14:45:06Z" end-time="2026-03-07 14:45:06Z" duration="0.024385" total="3" passed="0" failed="3" inconclusive="0" skipped="0" asserts="0">
            <properties />
            <failure>
              <message><![CDATA[One or more child tests had errors]]></message>
            </failure>
            <test-case id="1066" name="RecruitmentSystem_AssignsCorrectStats" fullname="LegendOfBlood.Tests.RecruitmentSystemTests.RecruitmentSystem_AssignsCorrectStats" methodname="RecruitmentSystem_AssignsCorrectStats" classname="LegendOfBlood.Tests.RecruitmentSystemTests" runstate="Runnable" seed="45472462" result="Failed" label="Error" start-time="2026-03-07 14:45:06Z" end-time="2026-03-07 14:45:06Z" duration="0.006302" asserts="0">
              <properties>
                <property name="retryIteration" value="0" />
                <property name="repeatIteration" value="0" />
              </properties>
              <failure>
                <message><![CDATA[System.NullReferenceException : Object reference not set to an instance of an object]]></message>
                <stack-trace><![CDATA[  at LegendOfBlood.HeroData.GetFinalStats () [0x001da] in E:\game\legendofblood\legacyofblood_unity_mobile_portraitframe\Assets\Scripts\DataModels\HeroData.cs:204 
  at LegendOfBlood.RecruitmentSystem.PerformRecruitment (System.Int32 amount) [0x000ae] in E:\game\legendofblood\legacyofblood_unity_mobile_portraitframe\Assets\Scripts\GameSystems\RecruitmentSystem.cs:41 
  at LegendOfBlood.Tests.RecruitmentSystemTests.RecruitmentSystem_AssignsCorrectStats () [0x00000] in E:\game\legendofblood\legacyofblood_unity_mobile_portraitframe\Assets\Tests\Editor\RecruitmentSystemTests.cs:125 
  at (wrapper managed-to-native) System.Reflection.RuntimeMethodInfo.InternalInvoke(System.Reflection.RuntimeMethodInfo,object,object[],System.Exception&)
  at System.Reflection.RuntimeMethodInfo.Invoke (System.Object obj, System.Reflection.BindingFlags invokeAttr, System.Reflection.Binder binder, System.Object[] parameters, System.Globalization.CultureInfo culture) [0x0006a] in <41d29b352f6a475ab1bf7c6628b82790>:0 ]]></stack-trace>
              </failure>
              <output><![CDATA[Đã xử lý xong Game Config: 2 Traits, 0 Skills, 0 BuildingConfigs. 0 Quests.
Tải game thành công từ: C:/Users/NGOCMINHPC/AppData/LocalLow/DefaultCompany/legacyofblood_unity_mobile_portraitframe\legendofblood_save.json
]]></output>
            </test-case>
            <test-case id="1064" name="RecruitmentSystem_PerformRecruitment_ReturnsNewHeroes" fullname="LegendOfBlood.Tests.RecruitmentSystemTests.RecruitmentSystem_PerformRecruitment_ReturnsNewHeroes" methodname="RecruitmentSystem_PerformRecruitment_ReturnsNewHeroes" classname="LegendOfBlood.Tests.RecruitmentSystemTests" runstate="Runnable" seed="1102088821" result="Failed" label="Error" start-time="2026-03-07 14:45:06Z" end-time="2026-03-07 14:45:06Z" duration="0.002518" asserts="0">
              <properties>
                <property name="retryIteration" value="0" />
                <property name="repeatIteration" value="0" />
              </properties>
              <failure>
                <message><![CDATA[System.NullReferenceException : Object reference not set to an instance of an object]]></message>
                <stack-trace><![CDATA[  at LegendOfBlood.HeroData.GetFinalStats () [0x001da] in E:\game\legendofblood\legacyofblood_unity_mobile_portraitframe\Assets\Scripts\DataModels\HeroData.cs:204 
  at LegendOfBlood.RecruitmentSystem.PerformRecruitment (System.Int32 amount) [0x000ae] in E:\game\legendofblood\legacyofblood_unity_mobile_portraitframe\Assets\Scripts\GameSystems\RecruitmentSystem.cs:41 
  at LegendOfBlood.Tests.RecruitmentSystemTests.RecruitmentSystem_PerformRecruitment_ReturnsNewHeroes () [0x00000] in E:\game\legendofblood\legacyofblood_unity_mobile_portraitframe\Assets\Tests\Editor\RecruitmentSystemTests.cs:96 
  at (wrapper managed-to-native) System.Reflection.RuntimeMethodInfo.InternalInvoke(System.Reflection.RuntimeMethodInfo,object,object[],System.Exception&)
  at System.Reflection.RuntimeMethodInfo.Invoke (System.Object obj, System.Reflection.BindingFlags invokeAttr, System.Reflection.Binder binder, System.Object[] parameters, System.Globalization.CultureInfo culture) [0x0006a] in <41d29b352f6a475ab1bf7c6628b82790>:0 ]]></stack-trace>
              </failure>
              <output><![CDATA[Đã xử lý xong Game Config: 2 Traits, 0 Skills, 0 BuildingConfigs. 0 Quests.
Tải game thành công từ: C:/Users/NGOCMINHPC/AppData/LocalLow/DefaultCompany/legacyofblood_unity_mobile_portraitframe\legendofblood_save.json
]]></output>
            </test-case>
            <test-case id="1065" name="RecruitmentSystem_PopulationFull_StopsRecruitment" fullname="LegendOfBlood.Tests.RecruitmentSystemTests.RecruitmentSystem_PopulationFull_StopsRecruitment" methodname="RecruitmentSystem_PopulationFull_StopsRecruitment" classname="LegendOfBlood.Tests.RecruitmentSystemTests" runstate="Runnable" seed="919246869" result="Failed" label="Error" start-time="2026-03-07 14:45:06Z" end-time="2026-03-07 14:45:06Z" duration="0.008117" asserts="0">
              <properties>
                <property name="retryIteration" value="0" />
                <property name="repeatIteration" value="0" />
              </properties>
              <failure>
                <message><![CDATA[System.NullReferenceException : Object reference not set to an instance of an object]]></message>
                <stack-trace><![CDATA[  at LegendOfBlood.RecruitmentSystem.PerformRecruitment (System.Int32 amount) [0x00023] in E:\game\legendofblood\legacyofblood_unity_mobile_portraitframe\Assets\Scripts\GameSystems\RecruitmentSystem.cs:17 
  at LegendOfBlood.Tests.RecruitmentSystemTests.RecruitmentSystem_PopulationFull_StopsRecruitment () [0x00043] in E:\game\legendofblood\legacyofblood_unity_mobile_portraitframe\Assets\Tests\Editor\RecruitmentSystemTests.cs:117 
  at (wrapper managed-to-native) System.Reflection.RuntimeMethodInfo.InternalInvoke(System.Reflection.RuntimeMethodInfo,object,object[],System.Exception&)
  at System.Reflection.RuntimeMethodInfo.Invoke (System.Object obj, System.Reflection.BindingFlags invokeAttr, System.Reflection.Binder binder, System.Object[] parameters, System.Globalization.CultureInfo culture) [0x0006a] in <41d29b352f6a475ab1bf7c6628b82790>:0 ]]></stack-trace>
              </failure>
              <output><![CDATA[Đã xử lý xong Game Config: 2 Traits, 0 Skills, 0 BuildingConfigs. 0 Quests.
Tải game thành công từ: C:/Users/NGOCMINHPC/AppData/LocalLow/DefaultCompany/legacyofblood_unity_mobile_portraitframe\legendofblood_save.json
Added hero Filler. Total heroes: 1/10
Added hero Filler. Total heroes: 2/10
Added hero Filler. Total heroes: 3/10
Added hero Filler. Total heroes: 4/10
Added hero Filler. Total heroes: 5/10
Added hero Filler. Total heroes: 6/10
Added hero Filler. Total heroes: 7/10
Added hero Filler. Total heroes: 8/10
Added hero Filler. Total heroes: 9/10
Added hero Filler. Total heroes: 10/10
Population is full! Stopping recruitment.
Saving results to: C:/Users/NGOCMINHPC/AppData/LocalLow/DefaultCompany/legacyofblood_unity_mobile_portraitframe\TestResults.xml
]]></output>
            </test-case>
          </test-suite>
        </test-suite>
      </test-suite>
    </test-suite>
  </test-suite>
</test-run>